<?xml version="1.0" encoding="UTF-8"?>
<testsuite xmlns:xsi="http://www.w3.org/2001/XMLSchema-instance" xsi:noNamespaceSchemaLocation="https://maven.apache.org/surefire/maven-failsafe-plugin/xsd/failsafe-test-report-3.0.xsd" version="3.0" name="starter.CucumberTestSuite" time="121.741" tests="5" errors="1" skipped="0" failures="0">
  <properties>
[...]
</properties>
  <testcase name="when i finish shopping i want to logout" classname="As User if i finished shopping so i want to log out" time="37.768">
    <system-out><![CDATA[16:09:00.972 [main] DEBUG net.thucydides.core.guice.Injectors - Created injector for module net.thucydides.core.guice.ThucydidesModule
16:09:01.387 [main] DEBUG io.cucumber.core.plugin.SerenityReporter - Running feature from file:///D:/JAVA/manusia/MP-WEB/src/test/resources/features.web/LogOut.feature
16:09:01.388 [main] WARN io.cucumber.core.plugin.SerenityReporter - Feature from file:///D:/JAVA/manusia/MP-WEB/src/test/resources/features.web/LogOut.feature is not under the 'features' directory. Requirements report will not be correctly generated!
16:09:01.634 [main] DEBUG net.thucydides.core.guice.Injectors - Created injector for module net.thucydides.core.guice.webdriver.WebDriverModule
16:09:01.667 [main] INFO  - 

-------------------------------------------------------------------------------------
     _______. _______ .______       _______ .__   __.  __  .___________.____    ____ 
    /       ||   ____||   _  \     |   ____||  \ |  | |  | |           |\   \  /   / 
   |   (----`|  |__   |  |_)  |    |  |__   |   \|  | |  | `---|  |----` \   \/   /  
    \   \    |   __|  |      /     |   __|  |  . `  | |  |     |  |       \_    _/   
.----)   |   |  |____ |  |\  \----.|  |____ |  |\   | |  |     |  |         |  |     
|_______/    |_______|| _| `._____||_______||__| \__| |__|     |__|         |__|    
                                                                                     
 News and tutorials at http://www.serenity-bdd.info                                  
 Documentation at https://wakaleo.gitbooks.io/the-serenity-book/content/             
 Join the Serenity Community on Gitter: https://gitter.im/serenity-bdd/serenity-core 
 Serenity BDD Support and Training at http://serenity-bdd.info/#/trainingandsupport  
-------------------------------------------------------------------------------------

16:09:01.669 [main] DEBUG net.thucydides.core.steps.StepEventBus - Test suite started for story net.thucydides.core.model.Story@9753e131
16:09:01.671 [main] INFO  - Test Suite Started: As User if i finished shopping so i want to log out
16:09:01.694 [main] DEBUG io.cucumber.core.plugin.SerenityReporter - Running feature from file:///D:/JAVA/manusia/MP-WEB/src/test/resources/features.web/Login.feature
16:09:01.694 [main] WARN io.cucumber.core.plugin.SerenityReporter - Feature from file:///D:/JAVA/manusia/MP-WEB/src/test/resources/features.web/Login.feature is not under the 'features' directory. Requirements report will not be correctly generated!
16:09:01.699 [main] DEBUG net.thucydides.core.steps.StepEventBus - Test suite started for story net.thucydides.core.model.Story@dddc2441
16:09:01.700 [main] INFO  - Test Suite Started: As a user i want to success login so that i can see product page
16:09:01.700 [main] DEBUG io.cucumber.core.plugin.SerenityReporter - Running feature from file:///D:/JAVA/manusia/MP-WEB/src/test/resources/features.web/product.feature
16:09:01.700 [main] WARN io.cucumber.core.plugin.SerenityReporter - Feature from file:///D:/JAVA/manusia/MP-WEB/src/test/resources/features.web/product.feature is not under the 'features' directory. Requirements report will not be correctly generated!
16:09:01.705 [main] DEBUG net.thucydides.core.steps.StepEventBus - Test suite started for story net.thucydides.core.model.Story@d1564f60
16:09:01.705 [main] INFO  - Test Suite Started: As user i want to choose the product in altashop
16:09:01.706 [main] DEBUG io.cucumber.core.plugin.SerenityReporter - Running feature from file:///D:/JAVA/manusia/MP-WEB/src/test/resources/features.web/LogOut.feature
16:09:01.706 [main] WARN io.cucumber.core.plugin.SerenityReporter - Feature from file:///D:/JAVA/manusia/MP-WEB/src/test/resources/features.web/LogOut.feature is not under the 'features' directory. Requirements report will not be correctly generated!
16:09:01.709 [main] DEBUG net.thucydides.core.steps.StepEventBus - Test suite started for story net.thucydides.core.model.Story@9753e131
16:09:01.709 [main] INFO  - Test Suite Started: As User if i finished shopping so i want to log out

Scenario: when i finish shopping i want to logout &amp#27;[90m# src/test/resources/features.web/LogOut.feature:3&amp#27;[0m
16:09:01.830 [main] DEBUG io.cucumber.core.plugin.SerenityReporter - Running feature from file:///D:/JAVA/manusia/MP-WEB/src/test/resources/features.web/LogOut.feature
16:09:01.831 [main] WARN io.cucumber.core.plugin.SerenityReporter - Feature from file:///D:/JAVA/manusia/MP-WEB/src/test/resources/features.web/LogOut.feature is not under the 'features' directory. Requirements report will not be correctly generated!
16:09:01.961 [main] INFO  - 
  _____   ___   ___   _____     ___   _____     _     ___   _____   ___   ___  
 |_   _| | __| / __| |_   _|   / __| |_   _|   /_\   | _ \ |_   _| | __| |   \ 
   | |   | _|  \__ \   | |     \__ \   | |    / _ \  |   /   | |   | _|  | |) |
   |_|   |___| |___/   |_|     |___/   |_|   /_/ \_\ |_|_\   |_|   |___| |___/ 

when i finish shopping i want to logout(as-user-if-i-finished-shopping-so-i-want-to-log-out;when-i-finish-shopping-i-want-to-logout)
--------------------------------------------------------------------------------
16:09:03.335 [main] DEBUG net.thucydides.core.steps.StepInterceptor - STARTING STEP: LogOutSteps.AUserOnLoginPage - AUserOnLoginPage
16:09:03.798 [main] INFO net.serenitybdd.core.webdriver.driverproviders.ChromeDriverProvider - Starting Chrome driver instance with capabilities:
16:09:03.799 [main] INFO net.serenitybdd.core.webdriver.driverproviders.ChromeDriverProvider - Capabilities {acceptInsecureCerts: true, browserName: chrome, goog:chromeOptions: {args: [remote-allow-origins=*, test-type, no-sandbox, ignore-certificate-errors, --window-size=1000,800, incognito, disable-infobars, disable-gpu, disable-default-apps, disable-popup-blocking, remote-allow-origins=*, test-type, no-sandbox, ignore-certificate-errors, --window-size=1000,800, incognito, disable-infobars, disable-gpu, disable-default-apps, disable-popup-blocking, remote-allow-origins=*], extensions: []}}
16:09:07.274 [main] DEBUG io.netty.util.internal.logging.InternalLoggerFactory - Using SLF4J as the default logging framework
16:09:07.283 [main] DEBUG io.netty.util.ResourceLeakDetector - -Dio.netty.leakDetection.level: simple
16:09:07.283 [main] DEBUG io.netty.util.ResourceLeakDetector - -Dio.netty.leakDetection.targetRecords: 4
16:09:07.304 [main] DEBUG io.netty.util.ResourceLeakDetectorFactory - Loaded default ResourceLeakDetector: io.netty.util.ResourceLeakDetector@3b97907c
16:09:07.344 [main] DEBUG io.netty.util.internal.PlatformDependent0 - -Dio.netty.noUnsafe: false
16:09:07.344 [main] DEBUG io.netty.util.internal.PlatformDependent0 - Java version: 19
16:09:07.346 [main] DEBUG io.netty.util.internal.PlatformDependent0 - sun.misc.Unsafe.theUnsafe: available
16:09:07.347 [main] DEBUG io.netty.util.internal.PlatformDependent0 - sun.misc.Unsafe.copyMemory: available
16:09:07.348 [main] DEBUG io.netty.util.internal.PlatformDependent0 - sun.misc.Unsafe.storeFence: available
16:09:07.349 [main] DEBUG io.netty.util.internal.PlatformDependent0 - java.nio.Buffer.address: available
16:09:07.349 [main] DEBUG io.netty.util.internal.PlatformDependent0 - direct buffer constructor: unavailable: Reflective setAccessible(true) disabled
16:09:07.351 [main] DEBUG io.netty.util.internal.PlatformDependent0 - java.nio.Bits.unaligned: available, true
16:09:07.353 [main] DEBUG io.netty.util.internal.PlatformDependent0 - jdk.internal.misc.Unsafe.allocateUninitializedArray(int): unavailable: class io.netty.util.internal.PlatformDependent0$7 cannot access class jdk.internal.misc.Unsafe (in module java.base) because module java.base does not export jdk.internal.misc to unnamed module @696da30b
16:09:07.354 [main] DEBUG io.netty.util.internal.PlatformDependent0 - java.nio.DirectByteBuffer.<init>(long, int): unavailable
16:09:07.354 [main] DEBUG io.netty.util.internal.PlatformDependent - sun.misc.Unsafe: available
16:09:07.357 [main] DEBUG io.netty.util.internal.PlatformDependent - maxDirectMemory: 2105540608 bytes (maybe)
16:09:07.357 [main] DEBUG io.netty.util.internal.PlatformDependent - -Dio.netty.tmpdir: C:\Users\drago\AppData\Local\Temp (java.io.tmpdir)
16:09:07.357 [main] DEBUG io.netty.util.internal.PlatformDependent - -Dio.netty.bitMode: 64 (sun.arch.data.model)
16:09:07.358 [main] DEBUG io.netty.util.internal.PlatformDependent - Platform: Windows
16:09:07.359 [main] DEBUG io.netty.util.internal.PlatformDependent - -Dio.netty.maxDirectMemory: -1 bytes
16:09:07.359 [main] DEBUG io.netty.util.internal.PlatformDependent - -Dio.netty.uninitializedArrayAllocationThreshold: -1
16:09:07.361 [main] DEBUG io.netty.util.internal.CleanerJava9 - java.nio.ByteBuffer.cleaner(): available
16:09:07.361 [main] DEBUG io.netty.util.internal.PlatformDependent - -Dio.netty.noPreferDirect: false
16:09:07.371 [main] DEBUG io.netty.util.internal.PlatformDependent - org.jctools-core.MpscChunkedArrayQueue: available
16:09:07.551 [main] DEBUG io.netty.util.internal.InternalThreadLocalMap - -Dio.netty.threadLocalMap.stringBuilder.initialSize: 1024
16:09:07.551 [main] DEBUG io.netty.util.internal.InternalThreadLocalMap - -Dio.netty.threadLocalMap.stringBuilder.maxSize: 4096
16:09:07.803 [main] DEBUG io.netty.handler.ssl.JdkSslContext - Default protocols (JDK): [TLSv1.3, TLSv1.2] 
16:09:07.803 [main] DEBUG io.netty.handler.ssl.JdkSslContext - Default cipher suites (JDK): [TLS_ECDHE_ECDSA_WITH_AES_256_GCM_SHA384, TLS_ECDHE_ECDSA_WITH_AES_128_GCM_SHA256, TLS_ECDHE_RSA_WITH_AES_128_GCM_SHA256, TLS_ECDHE_RSA_WITH_AES_256_GCM_SHA384, TLS_ECDHE_RSA_WITH_AES_128_CBC_SHA, TLS_ECDHE_RSA_WITH_AES_256_CBC_SHA, TLS_RSA_WITH_AES_128_GCM_SHA256, TLS_RSA_WITH_AES_128_CBC_SHA, TLS_RSA_WITH_AES_256_CBC_SHA, TLS_AES_128_GCM_SHA256, TLS_AES_256_GCM_SHA384]
16:09:07.872 [main] DEBUG io.netty.channel.MultithreadEventLoopGroup - -Dio.netty.eventLoopThreads: 16
16:09:07.891 [main] DEBUG io.netty.channel.nio.NioEventLoop - -Dio.netty.noKeySetOptimization: false
16:09:07.891 [main] DEBUG io.netty.channel.nio.NioEventLoop - -Dio.netty.selectorAutoRebuildThreshold: 512
16:09:08.022 [main] DEBUG io.netty.buffer.PooledByteBufAllocator - -Dio.netty.allocator.numHeapArenas: 16
16:09:08.022 [main] DEBUG io.netty.buffer.PooledByteBufAllocator - -Dio.netty.allocator.numDirectArenas: 16
16:09:08.022 [main] DEBUG io.netty.buffer.PooledByteBufAllocator - -Dio.netty.allocator.pageSize: 8192
16:09:08.022 [main] DEBUG io.netty.buffer.PooledByteBufAllocator - -Dio.netty.allocator.maxOrder: 9
16:09:08.022 [main] DEBUG io.netty.buffer.PooledByteBufAllocator - -Dio.netty.allocator.chunkSize: 4194304
16:09:08.022 [main] DEBUG io.netty.buffer.PooledByteBufAllocator - -Dio.netty.allocator.smallCacheSize: 256
16:09:08.022 [main] DEBUG io.netty.buffer.PooledByteBufAllocator - -Dio.netty.allocator.normalCacheSize: 64
16:09:08.022 [main] DEBUG io.netty.buffer.PooledByteBufAllocator - -Dio.netty.allocator.maxCachedBufferCapacity: 32768
16:09:08.023 [main] DEBUG io.netty.buffer.PooledByteBufAllocator - -Dio.netty.allocator.cacheTrimInterval: 8192
16:09:08.023 [main] DEBUG io.netty.buffer.PooledByteBufAllocator - -Dio.netty.allocator.cacheTrimIntervalMillis: 0
16:09:08.023 [main] DEBUG io.netty.buffer.PooledByteBufAllocator - -Dio.netty.allocator.useCacheForAllThreads: false
16:09:08.023 [main] DEBUG io.netty.buffer.PooledByteBufAllocator - -Dio.netty.allocator.maxCachedByteBuffersPerChunk: 1023
16:09:08.046 [main] DEBUG io.netty.buffer.ByteBufUtil - -Dio.netty.allocator.type: pooled
16:09:08.046 [main] DEBUG io.netty.buffer.ByteBufUtil - -Dio.netty.threadLocalDirectBufferSize: 0
16:09:08.046 [main] DEBUG io.netty.buffer.ByteBufUtil - -Dio.netty.maxThreadLocalCharBufferSize: 16384
16:09:11.875 [Forwarding newSession on session null to remote] DEBUG io.netty.channel.DefaultChannelId - -Dio.netty.processId: 10912 (auto-detected)
16:09:11.891 [Forwarding newSession on session null to remote] DEBUG io.netty.util.NetUtil - -Djava.net.preferIPv4Stack: false
16:09:11.891 [Forwarding newSession on session null to remote] DEBUG io.netty.util.NetUtil - -Djava.net.preferIPv6Addresses: false
16:09:11.929 [Forwarding newSession on session null to remote] DEBUG io.netty.util.NetUtilInitializations - Loopback interface: lo (Software Loopback Interface 1, 127.0.0.1)
16:09:11.930 [Forwarding newSession on session null to remote] DEBUG io.netty.util.NetUtil - Failed to get SOMAXCONN from sysctl and file \proc\sys\net\core\somaxconn. Default: 200
16:09:11.970 [Forwarding newSession on session null to remote] DEBUG io.netty.channel.DefaultChannelId - -Dio.netty.machineId: dc:fb:48:ff:fe:da:a0:de (auto-detected)
16:09:12.065 [AsyncHttpClient-1-2] DEBUG io.netty.buffer.AbstractByteBuf - -Dio.netty.buffer.checkAccessible: true
16:09:12.065 [AsyncHttpClient-1-2] DEBUG io.netty.buffer.AbstractByteBuf - -Dio.netty.buffer.checkBounds: true
16:09:12.065 [AsyncHttpClient-1-2] DEBUG io.netty.util.ResourceLeakDetectorFactory - Loaded default ResourceLeakDetector: io.netty.util.ResourceLeakDetector@3556051f
16:09:12.091 [AsyncHttpClient-1-2] DEBUG org.asynchttpclient.netty.channel.NettyConnectListener - Using new Channel '[id: 0x00791a21, L:/127.0.0.1:50290 - R:localhost/127.0.0.1:9599]' for 'POST' to '/session'
16:09:12.138 [AsyncHttpClient-1-2] DEBUG io.netty.util.Recycler - -Dio.netty.recycler.maxCapacityPerThread: 4096
16:09:12.138 [AsyncHttpClient-1-2] DEBUG io.netty.util.Recycler - -Dio.netty.recycler.ratio: 8
16:09:12.138 [AsyncHttpClient-1-2] DEBUG io.netty.util.Recycler - -Dio.netty.recycler.chunkSize: 32
16:09:12.138 [AsyncHttpClient-1-2] DEBUG io.netty.util.Recycler - -Dio.netty.recycler.blocking: false
16:09:15.956 [AsyncHttpClient-1-2] DEBUG io.netty.handler.codec.compression.Brotli - brotli4j not in the classpath; Brotli support will be unavailable.
16:09:15.956 [AsyncHttpClient-1-2] DEBUG org.asynchttpclient.netty.handler.HttpHandler - 

Request DefaultHttpRequest(decodeResult: success, version: HTTP/1.1)
POST /session HTTP/1.1
User-Agent: selenium/4.8.1 (java windows)
Content-Length: 1729
Content-Type: application/json; charset=utf-8
host: localhost:9599
accept: */*

Response DefaultHttpResponse(decodeResult: success, version: HTTP/1.1)
HTTP/1.1 200 OK
Content-Length: 857
Content-Type: application/json; charset=utf-8
cache-control: no-cache

16:09:16.070 [AsyncHttpClient-1-2] DEBUG org.asynchttpclient.netty.channel.ChannelManager - Adding key: http://localhost:9599 for channel [id: 0x00791a21, L:/127.0.0.1:50290 - R:localhost/127.0.0.1:9599]
16:09:16.580 [AsyncHttpClient-1-1] DEBUG org.asynchttpclient.netty.channel.DefaultChannelPool - Entry count for : http://localhost:9599 : 1
16:09:17.094 [AsyncHttpClient-1-3] DEBUG org.asynchttpclient.netty.channel.NettyConnectListener - Using new Channel '[id: 0x0500d2b8, L:/127.0.0.1:50298 - R:localhost/127.0.0.1:50291]' for 'GET' to '/json/version'
16:09:17.101 [AsyncHttpClient-1-3] DEBUG org.asynchttpclient.netty.handler.HttpHandler - 

Request DefaultFullHttpRequest(decodeResult: success, version: HTTP/1.1, content: EmptyByteBufBE)
GET /json/version HTTP/1.1
User-Agent: selenium/4.8.1 (java windows)
host: localhost:50291
accept: */*

Response DefaultHttpResponse(decodeResult: success, version: HTTP/1.1)
HTTP/1.1 200 OK
Content-Security-Policy: frame-ancestors 'none'
Content-Length: 422
Content-Type: application/json; charset=UTF-8

16:09:17.102 [AsyncHttpClient-1-3] DEBUG org.asynchttpclient.netty.channel.ChannelManager - Adding key: http://localhost:50291 for channel [id: 0x0500d2b8, L:/127.0.0.1:50298 - R:localhost/127.0.0.1:50291]
16:09:17.120 [main] DEBUG io.netty.util.internal.ThreadLocalRandom - -Dio.netty.initialSeedUniquifier: 0xb41ccce0faf3b999
16:09:17.126 [AsyncHttpClient-1-4] DEBUG org.asynchttpclient.netty.channel.NettyConnectListener - Using new Channel '[id: 0x696f18b4, L:/127.0.0.1:50299 - R:localhost/127.0.0.1:50291]' for 'GET' to '/devtools/browser/b21a564a-043d-4752-bf3e-3fa956a61460'
16:09:17.135 [AsyncHttpClient-1-4] DEBUG org.asynchttpclient.netty.handler.WebSocketHandler - 

Request DefaultFullHttpRequest(decodeResult: success, version: HTTP/1.1, content: EmptyByteBufBE)
GET /devtools/browser/b21a564a-043d-4752-bf3e-3fa956a61460 HTTP/1.1
upgrade: websocket
connection: upgrade
sec-websocket-key: rIvvOCmuCjR2BSghoUBvAA==
sec-websocket-version: 13
origin: http://localhost:50291
host: localhost:50291
accept: */*
user-agent: AHC/2.1

Response DefaultHttpResponse(decodeResult: success, version: HTTP/1.1)
HTTP/1.1 101 WebSocket Protocol Handshake
Upgrade: WebSocket
Connection: Upgrade
Sec-WebSocket-Accept: 2PD8u8RSp67kTCy16p1jY9RdLck=

16:09:17.691 [AsyncHttpClient-1-1] DEBUG org.asynchttpclient.netty.channel.DefaultChannelPool - Entry count for : http://localhost:50291 : 1
16:09:17.691 [AsyncHttpClient-1-1] DEBUG org.asynchttpclient.netty.channel.DefaultChannelPool - Entry count for : http://localhost:9599 : 1
16:09:18.781 [AsyncHttpClient-1-1] DEBUG org.asynchttpclient.netty.channel.DefaultChannelPool - Entry count for : http://localhost:50291 : 1
16:09:18.781 [AsyncHttpClient-1-1] DEBUG org.asynchttpclient.netty.channel.DefaultChannelPool - Entry count for : http://localhost:9599 : 1
16:09:19.465 [Forwarding get on session c53d8246807f09cab1a1e62b9f3bd216 to remote] DEBUG org.asynchttpclient.netty.request.NettyRequestSender - Using pooled Channel '[id: 0x00791a21, L:/127.0.0.1:50290 - R:localhost/127.0.0.1:9599]' for 'POST' to 'http://localhost:9599/session/c53d8246807f09cab1a1e62b9f3bd216/url'
16:09:19.465 [Forwarding get on session c53d8246807f09cab1a1e62b9f3bd216 to remote] DEBUG org.asynchttpclient.netty.request.NettyRequestSender - Using open Channel [id: 0x00791a21, L:/127.0.0.1:50290 - R:localhost/127.0.0.1:9599] for POST '/session/c53d8246807f09cab1a1e62b9f3bd216/url'
16:09:19.886 [AsyncHttpClient-1-1] DEBUG org.asynchttpclient.netty.channel.DefaultChannelPool - Entry count for : http://localhost:50291 : 1
16:09:20.283 [AsyncHttpClient-1-2] DEBUG org.asynchttpclient.netty.handler.HttpHandler - 

Request DefaultHttpRequest(decodeResult: success, version: HTTP/1.1)
POST /session/c53d8246807f09cab1a1e62b9f3bd216/url HTTP/1.1
User-Agent: selenium/4.8.1 (java windows)
Content-Length: 74
Content-Type: application/json; charset=utf-8
host: localhost:9599
accept: */*

Response DefaultHttpResponse(decodeResult: success, version: HTTP/1.1)
HTTP/1.1 200 OK
Content-Length: 14
Content-Type: application/json; charset=utf-8
cache-control: no-cache

16:09:20.284 [AsyncHttpClient-1-2] DEBUG org.asynchttpclient.netty.channel.ChannelManager - Adding key: http://localhost:9599 for channel [id: 0x00791a21, L:/127.0.0.1:50290 - R:localhost/127.0.0.1:9599]
16:09:20.295 [Forwarding setTimeout on session c53d8246807f09cab1a1e62b9f3bd216 to remote] DEBUG org.asynchttpclient.netty.request.NettyRequestSender - Using pooled Channel '[id: 0x00791a21, L:/127.0.0.1:50290 - R:localhost/127.0.0.1:9599]' for 'POST' to 'http://localhost:9599/session/c53d8246807f09cab1a1e62b9f3bd216/timeouts'
16:09:20.295 [Forwarding setTimeout on session c53d8246807f09cab1a1e62b9f3bd216 to remote] DEBUG org.asynchttpclient.netty.request.NettyRequestSender - Using open Channel [id: 0x00791a21, L:/127.0.0.1:50290 - R:localhost/127.0.0.1:9599] for POST '/session/c53d8246807f09cab1a1e62b9f3bd216/timeouts'
16:09:20.299 [AsyncHttpClient-1-2] DEBUG org.asynchttpclient.netty.handler.HttpHandler - 

Request DefaultHttpRequest(decodeResult: success, version: HTTP/1.1)
POST /session/c53d8246807f09cab1a1e62b9f3bd216/timeouts HTTP/1.1
User-Agent: selenium/4.8.1 (java windows)
Content-Length: 22
Content-Type: application/json; charset=utf-8
host: localhost:9599
accept: */*

Response DefaultHttpResponse(decodeResult: success, version: HTTP/1.1)
HTTP/1.1 200 OK
Content-Length: 14
Content-Type: application/json; charset=utf-8
cache-control: no-cache

16:09:20.300 [AsyncHttpClient-1-2] DEBUG org.asynchttpclient.netty.channel.ChannelManager - Adding key: http://localhost:9599 for channel [id: 0x00791a21, L:/127.0.0.1:50290 - R:localhost/127.0.0.1:9599]
16:09:20.338 [Forwarding findElement on session c53d8246807f09cab1a1e62b9f3bd216 to remote] DEBUG org.asynchttpclient.netty.request.NettyRequestSender - Using pooled Channel '[id: 0x00791a21, L:/127.0.0.1:50290 - R:localhost/127.0.0.1:9599]' for 'POST' to 'http://localhost:9599/session/c53d8246807f09cab1a1e62b9f3bd216/element'
16:09:20.338 [Forwarding findElement on session c53d8246807f09cab1a1e62b9f3bd216 to remote] DEBUG org.asynchttpclient.netty.request.NettyRequestSender - Using open Channel [id: 0x00791a21, L:/127.0.0.1:50290 - R:localhost/127.0.0.1:9599] for POST '/session/c53d8246807f09cab1a1e62b9f3bd216/element'
16:09:20.753 [AsyncHttpClient-1-2] DEBUG org.asynchttpclient.netty.handler.HttpHandler - 

Request DefaultHttpRequest(decodeResult: success, version: HTTP/1.1)
POST /session/c53d8246807f09cab1a1e62b9f3bd216/element HTTP/1.1
User-Agent: selenium/4.8.1 (java windows)
Content-Length: 168
Content-Type: application/json; charset=utf-8
host: localhost:9599
accept: */*

Response DefaultHttpResponse(decodeResult: success, version: HTTP/1.1)
HTTP/1.1 200 OK
Content-Length: 94
Content-Type: application/json; charset=utf-8
cache-control: no-cache

16:09:20.755 [AsyncHttpClient-1-2] DEBUG org.asynchttpclient.netty.channel.ChannelManager - Adding key: http://localhost:9599 for channel [id: 0x00791a21, L:/127.0.0.1:50290 - R:localhost/127.0.0.1:9599]
16:09:20.860 [Forwarding isElementDisplayed on session c53d8246807f09cab1a1e62b9f3bd216 to remote] DEBUG org.asynchttpclient.netty.request.NettyRequestSender - Using pooled Channel '[id: 0x00791a21, L:/127.0.0.1:50290 - R:localhost/127.0.0.1:9599]' for 'POST' to 'http://localhost:9599/session/c53d8246807f09cab1a1e62b9f3bd216/execute/sync'
16:09:20.861 [Forwarding isElementDisplayed on session c53d8246807f09cab1a1e62b9f3bd216 to remote] DEBUG org.asynchttpclient.netty.request.NettyRequestSender - Using open Channel [id: 0x00791a21, L:/127.0.0.1:50290 - R:localhost/127.0.0.1:9599] for POST '/session/c53d8246807f09cab1a1e62b9f3bd216/execute/sync'
16:09:20.945 [AsyncHttpClient-1-2] DEBUG org.asynchttpclient.netty.handler.HttpHandler - 

Request DefaultHttpRequest(decodeResult: success, version: HTTP/1.1)
POST /session/c53d8246807f09cab1a1e62b9f3bd216/execute/sync HTTP/1.1
User-Agent: selenium/4.8.1 (java windows)
Content-Length: 48813
Content-Type: application/json; charset=utf-8
host: localhost:9599
accept: */*

Response DefaultHttpResponse(decodeResult: success, version: HTTP/1.1)
HTTP/1.1 200 OK
Content-Length: 14
Content-Type: application/json; charset=utf-8
cache-control: no-cache

16:09:20.945 [AsyncHttpClient-1-2] DEBUG org.asynchttpclient.netty.channel.ChannelManager - Adding key: http://localhost:9599 for channel [id: 0x00791a21, L:/127.0.0.1:50290 - R:localhost/127.0.0.1:9599]
16:09:20.957 [Forwarding isElementDisplayed on session c53d8246807f09cab1a1e62b9f3bd216 to remote] DEBUG org.asynchttpclient.netty.request.NettyRequestSender - Using pooled Channel '[id: 0x00791a21, L:/127.0.0.1:50290 - R:localhost/127.0.0.1:9599]' for 'POST' to 'http://localhost:9599/session/c53d8246807f09cab1a1e62b9f3bd216/execute/sync'
16:09:20.957 [Forwarding isElementDisplayed on session c53d8246807f09cab1a1e62b9f3bd216 to remote] DEBUG org.asynchttpclient.netty.request.NettyRequestSender - Using open Channel [id: 0x00791a21, L:/127.0.0.1:50290 - R:localhost/127.0.0.1:9599] for POST '/session/c53d8246807f09cab1a1e62b9f3bd216/execute/sync'
16:09:20.981 [AsyncHttpClient-1-1] DEBUG org.asynchttpclient.netty.channel.DefaultChannelPool - Entry count for : http://localhost:50291 : 1
16:09:20.987 [AsyncHttpClient-1-2] DEBUG org.asynchttpclient.netty.handler.HttpHandler - 

Request DefaultHttpRequest(decodeResult: success, version: HTTP/1.1)
POST /session/c53d8246807f09cab1a1e62b9f3bd216/execute/sync HTTP/1.1
User-Agent: selenium/4.8.1 (java windows)
Content-Length: 48813
Content-Type: application/json; charset=utf-8
host: localhost:9599
accept: */*

Response DefaultHttpResponse(decodeResult: success, version: HTTP/1.1)
HTTP/1.1 200 OK
Content-Length: 14
Content-Type: application/json; charset=utf-8
cache-control: no-cache

16:09:20.987 [AsyncHttpClient-1-2] DEBUG org.asynchttpclient.netty.channel.ChannelManager - Adding key: http://localhost:9599 for channel [id: 0x00791a21, L:/127.0.0.1:50290 - R:localhost/127.0.0.1:9599]
16:09:21.047 [main] DEBUG net.serenitybdd.core.photography.Darkroom - Opening darkroom
16:09:21.050 [Darkroom Processing Line] DEBUG net.serenitybdd.core.photography.DarkroomProcessingLine - Darkroom processing line starting up
16:09:21.138 [Forwarding getAlertText on session c53d8246807f09cab1a1e62b9f3bd216 to remote] DEBUG org.asynchttpclient.netty.request.NettyRequestSender - Using pooled Channel '[id: 0x00791a21, L:/127.0.0.1:50290 - R:localhost/127.0.0.1:9599]' for 'GET' to 'http://localhost:9599/session/c53d8246807f09cab1a1e62b9f3bd216/alert/text'
16:09:21.138 [Forwarding getAlertText on session c53d8246807f09cab1a1e62b9f3bd216 to remote] DEBUG org.asynchttpclient.netty.request.NettyRequestSender - Using open Channel [id: 0x00791a21, L:/127.0.0.1:50290 - R:localhost/127.0.0.1:9599] for GET '/session/c53d8246807f09cab1a1e62b9f3bd216/alert/text'
16:09:21.145 [AsyncHttpClient-1-2] DEBUG org.asynchttpclient.netty.handler.HttpHandler - 

Request DefaultFullHttpRequest(decodeResult: success, version: HTTP/1.1, content: EmptyByteBufBE)
GET /session/c53d8246807f09cab1a1e62b9f3bd216/alert/text HTTP/1.1
User-Agent: selenium/4.8.1 (java windows)
Cache-Control: no-cache
Content-Type: application/json; charset=utf-8
host: localhost:9599
accept: */*

Response DefaultHttpResponse(decodeResult: success, version: HTTP/1.1)
HTTP/1.1 404 Not Found
Content-Length: 820
Content-Type: application/json; charset=utf-8
cache-control: no-cache

16:09:21.147 [AsyncHttpClient-1-2] DEBUG org.asynchttpclient.netty.channel.ChannelManager - Adding key: http://localhost:9599 for channel [id: 0x00791a21, L:/127.0.0.1:50290 - R:localhost/127.0.0.1:9599]
16:09:21.167 [Forwarding getCurrentUrl on session c53d8246807f09cab1a1e62b9f3bd216 to remote] DEBUG org.asynchttpclient.netty.request.NettyRequestSender - Using pooled Channel '[id: 0x00791a21, L:/127.0.0.1:50290 - R:localhost/127.0.0.1:9599]' for 'GET' to 'http://localhost:9599/session/c53d8246807f09cab1a1e62b9f3bd216/url'
16:09:21.168 [Forwarding getCurrentUrl on session c53d8246807f09cab1a1e62b9f3bd216 to remote] DEBUG org.asynchttpclient.netty.request.NettyRequestSender - Using open Channel [id: 0x00791a21, L:/127.0.0.1:50290 - R:localhost/127.0.0.1:9599] for GET '/session/c53d8246807f09cab1a1e62b9f3bd216/url'
16:09:21.180 [AsyncHttpClient-1-2] DEBUG org.asynchttpclient.netty.handler.HttpHandler - 

Request DefaultFullHttpRequest(decodeResult: success, version: HTTP/1.1, content: EmptyByteBufBE)
GET /session/c53d8246807f09cab1a1e62b9f3bd216/url HTTP/1.1
User-Agent: selenium/4.8.1 (java windows)
Cache-Control: no-cache
Content-Type: application/json; charset=utf-8
host: localhost:9599
accept: */*

Response DefaultHttpResponse(decodeResult: success, version: HTTP/1.1)
HTTP/1.1 200 OK
Content-Length: 51
Content-Type: application/json; charset=utf-8
cache-control: no-cache

16:09:21.181 [AsyncHttpClient-1-2] DEBUG org.asynchttpclient.netty.channel.ChannelManager - Adding key: http://localhost:9599 for channel [id: 0x00791a21, L:/127.0.0.1:50290 - R:localhost/127.0.0.1:9599]
16:09:21.188 [Forwarding screenshot on session c53d8246807f09cab1a1e62b9f3bd216 to remote] DEBUG org.asynchttpclient.netty.request.NettyRequestSender - Using pooled Channel '[id: 0x00791a21, L:/127.0.0.1:50290 - R:localhost/127.0.0.1:9599]' for 'GET' to 'http://localhost:9599/session/c53d8246807f09cab1a1e62b9f3bd216/screenshot'
16:09:21.188 [Forwarding screenshot on session c53d8246807f09cab1a1e62b9f3bd216 to remote] DEBUG org.asynchttpclient.netty.request.NettyRequestSender - Using open Channel [id: 0x00791a21, L:/127.0.0.1:50290 - R:localhost/127.0.0.1:9599] for GET '/session/c53d8246807f09cab1a1e62b9f3bd216/screenshot'
16:09:22.080 [AsyncHttpClient-1-1] DEBUG org.asynchttpclient.netty.channel.DefaultChannelPool - Entry count for : http://localhost:50291 : 1
16:09:23.181 [AsyncHttpClient-1-1] DEBUG org.asynchttpclient.netty.channel.DefaultChannelPool - Entry count for : http://localhost:50291 : 1
16:09:24.284 [AsyncHttpClient-1-1] DEBUG org.asynchttpclient.netty.channel.DefaultChannelPool - Entry count for : http://localhost:50291 : 1
16:09:24.950 [AsyncHttpClient-1-2] DEBUG org.asynchttpclient.netty.handler.HttpHandler - 

Request DefaultFullHttpRequest(decodeResult: success, version: HTTP/1.1, content: EmptyByteBufBE)
GET /session/c53d8246807f09cab1a1e62b9f3bd216/screenshot HTTP/1.1
User-Agent: selenium/4.8.1 (java windows)
Cache-Control: no-cache
Content-Type: application/json; charset=utf-8
host: localhost:9599
accept: */*

Response DefaultHttpResponse(decodeResult: success, version: HTTP/1.1)
HTTP/1.1 200 OK
Content-Length: 32020
Content-Type: application/json; charset=utf-8
cache-control: no-cache

16:09:24.951 [AsyncHttpClient-1-2] DEBUG org.asynchttpclient.netty.channel.ChannelManager - Adding key: http://localhost:9599 for channel [id: 0x00791a21, L:/127.0.0.1:50290 - R:localhost/127.0.0.1:9599]
16:09:25.382 [AsyncHttpClient-1-1] DEBUG org.asynchttpclient.netty.channel.DefaultChannelPool - Entry count for : http://localhost:50291 : 1
16:09:25.382 [AsyncHttpClient-1-1] DEBUG org.asynchttpclient.netty.channel.DefaultChannelPool - Entry count for : http://localhost:9599 : 1
16:09:26.031 [main] DEBUG net.serenitybdd.core.photography.Darkroom - Send negative for processing for target\site\serenity\64131d300e1f660b304d30f126733f9569293aa2d192474061bebad02b7a03d8.png
16:09:26.032 [Darkroom Processing Line] DEBUG net.serenitybdd.core.photography.DarkroomProcessingLine - Processing screenshot image in /var/screenshots/screenshot-5939516793461479686
16:09:26.032 [Darkroom Processing Line] DEBUG net.serenitybdd.core.photography.DarkroomProcessingLine - Saving screenshot to target\site\serenity\64131d300e1f660b304d30f126733f9569293aa2d192474061bebad02b7a03d8.png
16:09:26.097 [main] DEBUG net.thucydides.core.steps.StepInterceptor - STEP DONE: AUserOnLoginPage
  &amp#27;[32mGiven &amp#27;[0m&amp#27;[32ma user on login page&amp#27;[0m                      &amp#27;[90m# starter.stepdefinitions.LogOutSteps.AUserOnLoginPage()&amp#27;[0m
16:09:26.120 [Forwarding getAlertText on session c53d8246807f09cab1a1e62b9f3bd216 to remote] DEBUG org.asynchttpclient.netty.request.NettyRequestSender - Using pooled Channel '[id: 0x00791a21, L:/127.0.0.1:50290 - R:localhost/127.0.0.1:9599]' for 'GET' to 'http://localhost:9599/session/c53d8246807f09cab1a1e62b9f3bd216/alert/text'
16:09:26.120 [Forwarding getAlertText on session c53d8246807f09cab1a1e62b9f3bd216 to remote] DEBUG org.asynchttpclient.netty.request.NettyRequestSender - Using open Channel [id: 0x00791a21, L:/127.0.0.1:50290 - R:localhost/127.0.0.1:9599] for GET '/session/c53d8246807f09cab1a1e62b9f3bd216/alert/text'
16:09:26.124 [AsyncHttpClient-1-2] DEBUG org.asynchttpclient.netty.handler.HttpHandler - 

Request DefaultFullHttpRequest(decodeResult: success, version: HTTP/1.1, content: EmptyByteBufBE)
GET /session/c53d8246807f09cab1a1e62b9f3bd216/alert/text HTTP/1.1
User-Agent: selenium/4.8.1 (java windows)
Cache-Control: no-cache
Content-Type: application/json; charset=utf-8
host: localhost:9599
accept: */*

Response DefaultHttpResponse(decodeResult: success, version: HTTP/1.1)
HTTP/1.1 404 Not Found
Content-Length: 820
Content-Type: application/json; charset=utf-8
cache-control: no-cache

16:09:26.125 [AsyncHttpClient-1-2] DEBUG org.asynchttpclient.netty.channel.ChannelManager - Adding key: http://localhost:9599 for channel [id: 0x00791a21, L:/127.0.0.1:50290 - R:localhost/127.0.0.1:9599]
16:09:26.129 [Forwarding getCurrentUrl on session c53d8246807f09cab1a1e62b9f3bd216 to remote] DEBUG org.asynchttpclient.netty.request.NettyRequestSender - Using pooled Channel '[id: 0x00791a21, L:/127.0.0.1:50290 - R:localhost/127.0.0.1:9599]' for 'GET' to 'http://localhost:9599/session/c53d8246807f09cab1a1e62b9f3bd216/url'
16:09:26.129 [Forwarding getCurrentUrl on session c53d8246807f09cab1a1e62b9f3bd216 to remote] DEBUG org.asynchttpclient.netty.request.NettyRequestSender - Using open Channel [id: 0x00791a21, L:/127.0.0.1:50290 - R:localhost/127.0.0.1:9599] for GET '/session/c53d8246807f09cab1a1e62b9f3bd216/url'
16:09:26.138 [AsyncHttpClient-1-2] DEBUG org.asynchttpclient.netty.handler.HttpHandler - 

Request DefaultFullHttpRequest(decodeResult: success, version: HTTP/1.1, content: EmptyByteBufBE)
GET /session/c53d8246807f09cab1a1e62b9f3bd216/url HTTP/1.1
User-Agent: selenium/4.8.1 (java windows)
Cache-Control: no-cache
Content-Type: application/json; charset=utf-8
host: localhost:9599
accept: */*

Response DefaultHttpResponse(decodeResult: success, version: HTTP/1.1)
HTTP/1.1 200 OK
Content-Length: 51
Content-Type: application/json; charset=utf-8
cache-control: no-cache

16:09:26.139 [AsyncHttpClient-1-2] DEBUG org.asynchttpclient.netty.channel.ChannelManager - Adding key: http://localhost:9599 for channel [id: 0x00791a21, L:/127.0.0.1:50290 - R:localhost/127.0.0.1:9599]
16:09:26.142 [Forwarding screenshot on session c53d8246807f09cab1a1e62b9f3bd216 to remote] DEBUG org.asynchttpclient.netty.request.NettyRequestSender - Using pooled Channel '[id: 0x00791a21, L:/127.0.0.1:50290 - R:localhost/127.0.0.1:9599]' for 'GET' to 'http://localhost:9599/session/c53d8246807f09cab1a1e62b9f3bd216/screenshot'
16:09:26.143 [Forwarding screenshot on session c53d8246807f09cab1a1e62b9f3bd216 to remote] DEBUG org.asynchttpclient.netty.request.NettyRequestSender - Using open Channel [id: 0x00791a21, L:/127.0.0.1:50290 - R:localhost/127.0.0.1:9599] for GET '/session/c53d8246807f09cab1a1e62b9f3bd216/screenshot'
16:09:26.272 [AsyncHttpClient-1-2] DEBUG org.asynchttpclient.netty.handler.HttpHandler - 

Request DefaultFullHttpRequest(decodeResult: success, version: HTTP/1.1, content: EmptyByteBufBE)
GET /session/c53d8246807f09cab1a1e62b9f3bd216/screenshot HTTP/1.1
User-Agent: selenium/4.8.1 (java windows)
Cache-Control: no-cache
Content-Type: application/json; charset=utf-8
host: localhost:9599
accept: */*

Response DefaultHttpResponse(decodeResult: success, version: HTTP/1.1)
HTTP/1.1 200 OK
Content-Length: 32020
Content-Type: application/json; charset=utf-8
cache-control: no-cache

16:09:26.274 [AsyncHttpClient-1-2] DEBUG org.asynchttpclient.netty.channel.ChannelManager - Adding key: http://localhost:9599 for channel [id: 0x00791a21, L:/127.0.0.1:50290 - R:localhost/127.0.0.1:9599]
16:09:26.281 [main] DEBUG net.serenitybdd.core.photography.Darkroom - Send negative for processing for target\site\serenity\64131d300e1f660b304d30f126733f9569293aa2d192474061bebad02b7a03d8.png
16:09:26.312 [main] DEBUG net.thucydides.core.steps.StepInterceptor - STARTING STEP: LogOutSteps.aUserInputValidUsername - aUserInputValidUsername
16:09:26.319 [Forwarding get on session c53d8246807f09cab1a1e62b9f3bd216 to remote] DEBUG org.asynchttpclient.netty.request.NettyRequestSender - Using pooled Channel '[id: 0x00791a21, L:/127.0.0.1:50290 - R:localhost/127.0.0.1:9599]' for 'POST' to 'http://localhost:9599/session/c53d8246807f09cab1a1e62b9f3bd216/url'
16:09:26.320 [Forwarding get on session c53d8246807f09cab1a1e62b9f3bd216 to remote] DEBUG org.asynchttpclient.netty.request.NettyRequestSender - Using open Channel [id: 0x00791a21, L:/127.0.0.1:50290 - R:localhost/127.0.0.1:9599] for POST '/session/c53d8246807f09cab1a1e62b9f3bd216/url'
16:09:26.489 [AsyncHttpClient-1-1] DEBUG org.asynchttpclient.netty.channel.DefaultChannelPool - Entry count for : http://localhost:50291 : 1
16:09:26.628 [AsyncHttpClient-1-2] DEBUG org.asynchttpclient.netty.handler.HttpHandler - 

Request DefaultHttpRequest(decodeResult: success, version: HTTP/1.1)
POST /session/c53d8246807f09cab1a1e62b9f3bd216/url HTTP/1.1
User-Agent: selenium/4.8.1 (java windows)
Content-Length: 74
Content-Type: application/json; charset=utf-8
host: localhost:9599
accept: */*

Response DefaultHttpResponse(decodeResult: success, version: HTTP/1.1)
HTTP/1.1 200 OK
Content-Length: 14
Content-Type: application/json; charset=utf-8
cache-control: no-cache

16:09:26.629 [AsyncHttpClient-1-2] DEBUG org.asynchttpclient.netty.channel.ChannelManager - Adding key: http://localhost:9599 for channel [id: 0x00791a21, L:/127.0.0.1:50290 - R:localhost/127.0.0.1:9599]
16:09:26.647 [Forwarding findElement on session c53d8246807f09cab1a1e62b9f3bd216 to remote] DEBUG org.asynchttpclient.netty.request.NettyRequestSender - Using pooled Channel '[id: 0x00791a21, L:/127.0.0.1:50290 - R:localhost/127.0.0.1:9599]' for 'POST' to 'http://localhost:9599/session/c53d8246807f09cab1a1e62b9f3bd216/element'
16:09:26.647 [Forwarding findElement on session c53d8246807f09cab1a1e62b9f3bd216 to remote] DEBUG org.asynchttpclient.netty.request.NettyRequestSender - Using open Channel [id: 0x00791a21, L:/127.0.0.1:50290 - R:localhost/127.0.0.1:9599] for POST '/session/c53d8246807f09cab1a1e62b9f3bd216/element'
16:09:26.672 [AsyncHttpClient-1-2] DEBUG org.asynchttpclient.netty.handler.HttpHandler - 

Request DefaultHttpRequest(decodeResult: success, version: HTTP/1.1)
POST /session/c53d8246807f09cab1a1e62b9f3bd216/element HTTP/1.1
User-Agent: selenium/4.8.1 (java windows)
Content-Length: 187
Content-Type: application/json; charset=utf-8
host: localhost:9599
accept: */*

Response DefaultHttpResponse(decodeResult: success, version: HTTP/1.1)
HTTP/1.1 200 OK
Content-Length: 94
Content-Type: application/json; charset=utf-8
cache-control: no-cache

16:09:26.673 [AsyncHttpClient-1-2] DEBUG org.asynchttpclient.netty.channel.ChannelManager - Adding key: http://localhost:9599 for channel [id: 0x00791a21, L:/127.0.0.1:50290 - R:localhost/127.0.0.1:9599]
16:09:26.679 [Forwarding clearElement on session c53d8246807f09cab1a1e62b9f3bd216 to remote] DEBUG org.asynchttpclient.netty.request.NettyRequestSender - Using pooled Channel '[id: 0x00791a21, L:/127.0.0.1:50290 - R:localhost/127.0.0.1:9599]' for 'POST' to 'http://localhost:9599/session/c53d8246807f09cab1a1e62b9f3bd216/element/E24075C99955FD2BF27F617E8EA957BF_element_8/clear'
16:09:26.680 [Forwarding clearElement on session c53d8246807f09cab1a1e62b9f3bd216 to remote] DEBUG org.asynchttpclient.netty.request.NettyRequestSender - Using open Channel [id: 0x00791a21, L:/127.0.0.1:50290 - R:localhost/127.0.0.1:9599] for POST '/session/c53d8246807f09cab1a1e62b9f3bd216/element/E24075C99955FD2BF27F617E8EA957BF_element_8/clear'
16:09:26.765 [AsyncHttpClient-1-2] DEBUG org.asynchttpclient.netty.handler.HttpHandler - 

Request DefaultHttpRequest(decodeResult: success, version: HTTP/1.1)
POST /session/c53d8246807f09cab1a1e62b9f3bd216/element/E24075C99955FD2BF27F617E8EA957BF_element_8/clear HTTP/1.1
User-Agent: selenium/4.8.1 (java windows)
Content-Length: 56
Content-Type: application/json; charset=utf-8
host: localhost:9599
accept: */*

Response DefaultHttpResponse(decodeResult: success, version: HTTP/1.1)
HTTP/1.1 200 OK
Content-Length: 14
Content-Type: application/json; charset=utf-8
cache-control: no-cache

16:09:26.766 [AsyncHttpClient-1-2] DEBUG org.asynchttpclient.netty.channel.ChannelManager - Adding key: http://localhost:9599 for channel [id: 0x00791a21, L:/127.0.0.1:50290 - R:localhost/127.0.0.1:9599]
16:09:26.776 [Forwarding sendKeysToElement on session c53d8246807f09cab1a1e62b9f3bd216 to remote] DEBUG org.asynchttpclient.netty.request.NettyRequestSender - Using pooled Channel '[id: 0x00791a21, L:/127.0.0.1:50290 - R:localhost/127.0.0.1:9599]' for 'POST' to 'http://localhost:9599/session/c53d8246807f09cab1a1e62b9f3bd216/element/E24075C99955FD2BF27F617E8EA957BF_element_8/value'
16:09:26.776 [Forwarding sendKeysToElement on session c53d8246807f09cab1a1e62b9f3bd216 to remote] DEBUG org.asynchttpclient.netty.request.NettyRequestSender - Using open Channel [id: 0x00791a21, L:/127.0.0.1:50290 - R:localhost/127.0.0.1:9599] for POST '/session/c53d8246807f09cab1a1e62b9f3bd216/element/E24075C99955FD2BF27F617E8EA957BF_element_8/value'
16:09:27.013 [AsyncHttpClient-1-2] DEBUG org.asynchttpclient.netty.handler.HttpHandler - 

Request DefaultHttpRequest(decodeResult: success, version: HTTP/1.1)
POST /session/c53d8246807f09cab1a1e62b9f3bd216/element/E24075C99955FD2BF27F617E8EA957BF_element_8/value HTTP/1.1
User-Agent: selenium/4.8.1 (java windows)
Content-Length: 287
Content-Type: application/json; charset=utf-8
host: localhost:9599
accept: */*

Response DefaultHttpResponse(decodeResult: success, version: HTTP/1.1)
HTTP/1.1 200 OK
Content-Length: 14
Content-Type: application/json; charset=utf-8
cache-control: no-cache

16:09:27.014 [AsyncHttpClient-1-2] DEBUG org.asynchttpclient.netty.channel.ChannelManager - Adding key: http://localhost:9599 for channel [id: 0x00791a21, L:/127.0.0.1:50290 - R:localhost/127.0.0.1:9599]
16:09:27.582 [AsyncHttpClient-1-1] DEBUG org.asynchttpclient.netty.channel.DefaultChannelPool - Entry count for : http://localhost:50291 : 1
16:09:27.582 [AsyncHttpClient-1-1] DEBUG org.asynchttpclient.netty.channel.DefaultChannelPool - Entry count for : http://localhost:9599 : 1
16:09:28.052 [Forwarding getAlertText on session c53d8246807f09cab1a1e62b9f3bd216 to remote] DEBUG org.asynchttpclient.netty.request.NettyRequestSender - Using pooled Channel '[id: 0x00791a21, L:/127.0.0.1:50290 - R:localhost/127.0.0.1:9599]' for 'GET' to 'http://localhost:9599/session/c53d8246807f09cab1a1e62b9f3bd216/alert/text'
16:09:28.052 [Forwarding getAlertText on session c53d8246807f09cab1a1e62b9f3bd216 to remote] DEBUG org.asynchttpclient.netty.request.NettyRequestSender - Using open Channel [id: 0x00791a21, L:/127.0.0.1:50290 - R:localhost/127.0.0.1:9599] for GET '/session/c53d8246807f09cab1a1e62b9f3bd216/alert/text'
16:09:28.057 [AsyncHttpClient-1-2] DEBUG org.asynchttpclient.netty.handler.HttpHandler - 

Request DefaultFullHttpRequest(decodeResult: success, version: HTTP/1.1, content: EmptyByteBufBE)
GET /session/c53d8246807f09cab1a1e62b9f3bd216/alert/text HTTP/1.1
User-Agent: selenium/4.8.1 (java windows)
Cache-Control: no-cache
Content-Type: application/json; charset=utf-8
host: localhost:9599
accept: */*

Response DefaultHttpResponse(decodeResult: success, version: HTTP/1.1)
HTTP/1.1 404 Not Found
Content-Length: 820
Content-Type: application/json; charset=utf-8
cache-control: no-cache

16:09:28.057 [AsyncHttpClient-1-2] DEBUG org.asynchttpclient.netty.channel.ChannelManager - Adding key: http://localhost:9599 for channel [id: 0x00791a21, L:/127.0.0.1:50290 - R:localhost/127.0.0.1:9599]
16:09:28.062 [Forwarding getCurrentUrl on session c53d8246807f09cab1a1e62b9f3bd216 to remote] DEBUG org.asynchttpclient.netty.request.NettyRequestSender - Using pooled Channel '[id: 0x00791a21, L:/127.0.0.1:50290 - R:localhost/127.0.0.1:9599]' for 'GET' to 'http://localhost:9599/session/c53d8246807f09cab1a1e62b9f3bd216/url'
16:09:28.063 [Forwarding getCurrentUrl on session c53d8246807f09cab1a1e62b9f3bd216 to remote] DEBUG org.asynchttpclient.netty.request.NettyRequestSender - Using open Channel [id: 0x00791a21, L:/127.0.0.1:50290 - R:localhost/127.0.0.1:9599] for GET '/session/c53d8246807f09cab1a1e62b9f3bd216/url'
16:09:28.072 [AsyncHttpClient-1-2] DEBUG org.asynchttpclient.netty.handler.HttpHandler - 

Request DefaultFullHttpRequest(decodeResult: success, version: HTTP/1.1, content: EmptyByteBufBE)
GET /session/c53d8246807f09cab1a1e62b9f3bd216/url HTTP/1.1
User-Agent: selenium/4.8.1 (java windows)
Cache-Control: no-cache
Content-Type: application/json; charset=utf-8
host: localhost:9599
accept: */*

Response DefaultHttpResponse(decodeResult: success, version: HTTP/1.1)
HTTP/1.1 200 OK
Content-Length: 51
Content-Type: application/json; charset=utf-8
cache-control: no-cache

16:09:28.072 [AsyncHttpClient-1-2] DEBUG org.asynchttpclient.netty.channel.ChannelManager - Adding key: http://localhost:9599 for channel [id: 0x00791a21, L:/127.0.0.1:50290 - R:localhost/127.0.0.1:9599]
16:09:28.073 [Forwarding screenshot on session c53d8246807f09cab1a1e62b9f3bd216 to remote] DEBUG org.asynchttpclient.netty.request.NettyRequestSender - Using pooled Channel '[id: 0x00791a21, L:/127.0.0.1:50290 - R:localhost/127.0.0.1:9599]' for 'GET' to 'http://localhost:9599/session/c53d8246807f09cab1a1e62b9f3bd216/screenshot'
16:09:28.073 [Forwarding screenshot on session c53d8246807f09cab1a1e62b9f3bd216 to remote] DEBUG org.asynchttpclient.netty.request.NettyRequestSender - Using open Channel [id: 0x00791a21, L:/127.0.0.1:50290 - R:localhost/127.0.0.1:9599] for GET '/session/c53d8246807f09cab1a1e62b9f3bd216/screenshot'
16:09:28.163 [AsyncHttpClient-1-2] DEBUG org.asynchttpclient.netty.handler.HttpHandler - 

Request DefaultFullHttpRequest(decodeResult: success, version: HTTP/1.1, content: EmptyByteBufBE)
GET /session/c53d8246807f09cab1a1e62b9f3bd216/screenshot HTTP/1.1
User-Agent: selenium/4.8.1 (java windows)
Cache-Control: no-cache
Content-Type: application/json; charset=utf-8
host: localhost:9599
accept: */*

Response DefaultHttpResponse(decodeResult: success, version: HTTP/1.1)
HTTP/1.1 200 OK
Content-Length: 38520
Content-Type: application/json; charset=utf-8
cache-control: no-cache

16:09:28.163 [AsyncHttpClient-1-2] DEBUG org.asynchttpclient.netty.channel.ChannelManager - Adding key: http://localhost:9599 for channel [id: 0x00791a21, L:/127.0.0.1:50290 - R:localhost/127.0.0.1:9599]
16:09:28.166 [main] DEBUG net.serenitybdd.core.photography.Darkroom - Send negative for processing for target\site\serenity\2889eca374cf0ede9b6018c972efa8b6ebebffd63aa9796a29cab4fd5e7d4504.png
16:09:28.167 [Darkroom Processing Line] DEBUG net.serenitybdd.core.photography.DarkroomProcessingLine - Processing screenshot image in /var/screenshots/screenshot-1191194625794815424
16:09:28.167 [main] DEBUG net.thucydides.core.steps.StepInterceptor - STEP DONE: aUserInputValidUsername
16:09:28.167 [Darkroom Processing Line] DEBUG net.serenitybdd.core.photography.DarkroomProcessingLine - Saving screenshot to target\site\serenity\2889eca374cf0ede9b6018c972efa8b6ebebffd63aa9796a29cab4fd5e7d4504.png
  &amp#27;[32mWhen &amp#27;[0m&amp#27;[32ma user input valid username&amp#27;[0m                &amp#27;[90m# starter.stepdefinitions.LogOutSteps.aUserInputValidUsername()&amp#27;[0m
16:09:28.193 [main] DEBUG net.thucydides.core.steps.StepInterceptor - STARTING STEP: LogOutSteps.aUserInputValidPassword - aUserInputValidPassword
16:09:28.201 [Forwarding findElement on session c53d8246807f09cab1a1e62b9f3bd216 to remote] DEBUG org.asynchttpclient.netty.request.NettyRequestSender - Using pooled Channel '[id: 0x00791a21, L:/127.0.0.1:50290 - R:localhost/127.0.0.1:9599]' for 'POST' to 'http://localhost:9599/session/c53d8246807f09cab1a1e62b9f3bd216/element'
16:09:28.202 [Forwarding findElement on session c53d8246807f09cab1a1e62b9f3bd216 to remote] DEBUG org.asynchttpclient.netty.request.NettyRequestSender - Using open Channel [id: 0x00791a21, L:/127.0.0.1:50290 - R:localhost/127.0.0.1:9599] for POST '/session/c53d8246807f09cab1a1e62b9f3bd216/element'
16:09:28.223 [AsyncHttpClient-1-2] DEBUG org.asynchttpclient.netty.handler.HttpHandler - 

Request DefaultHttpRequest(decodeResult: success, version: HTTP/1.1)
POST /session/c53d8246807f09cab1a1e62b9f3bd216/element HTTP/1.1
User-Agent: selenium/4.8.1 (java windows)
Content-Length: 187
Content-Type: application/json; charset=utf-8
host: localhost:9599
accept: */*

Response DefaultHttpResponse(decodeResult: success, version: HTTP/1.1)
HTTP/1.1 200 OK
Content-Length: 95
Content-Type: application/json; charset=utf-8
cache-control: no-cache

16:09:28.224 [AsyncHttpClient-1-2] DEBUG org.asynchttpclient.netty.channel.ChannelManager - Adding key: http://localhost:9599 for channel [id: 0x00791a21, L:/127.0.0.1:50290 - R:localhost/127.0.0.1:9599]
16:09:28.227 [Forwarding clearElement on session c53d8246807f09cab1a1e62b9f3bd216 to remote] DEBUG org.asynchttpclient.netty.request.NettyRequestSender - Using pooled Channel '[id: 0x00791a21, L:/127.0.0.1:50290 - R:localhost/127.0.0.1:9599]' for 'POST' to 'http://localhost:9599/session/c53d8246807f09cab1a1e62b9f3bd216/element/E24075C99955FD2BF27F617E8EA957BF_element_10/clear'
16:09:28.227 [Forwarding clearElement on session c53d8246807f09cab1a1e62b9f3bd216 to remote] DEBUG org.asynchttpclient.netty.request.NettyRequestSender - Using open Channel [id: 0x00791a21, L:/127.0.0.1:50290 - R:localhost/127.0.0.1:9599] for POST '/session/c53d8246807f09cab1a1e62b9f3bd216/element/E24075C99955FD2BF27F617E8EA957BF_element_10/clear'
16:09:28.272 [AsyncHttpClient-1-2] DEBUG org.asynchttpclient.netty.handler.HttpHandler - 

Request DefaultHttpRequest(decodeResult: success, version: HTTP/1.1)
POST /session/c53d8246807f09cab1a1e62b9f3bd216/element/E24075C99955FD2BF27F617E8EA957BF_element_10/clear HTTP/1.1
User-Agent: selenium/4.8.1 (java windows)
Content-Length: 57
Content-Type: application/json; charset=utf-8
host: localhost:9599
accept: */*

Response DefaultHttpResponse(decodeResult: success, version: HTTP/1.1)
HTTP/1.1 200 OK
Content-Length: 14
Content-Type: application/json; charset=utf-8
cache-control: no-cache

16:09:28.272 [AsyncHttpClient-1-2] DEBUG org.asynchttpclient.netty.channel.ChannelManager - Adding key: http://localhost:9599 for channel [id: 0x00791a21, L:/127.0.0.1:50290 - R:localhost/127.0.0.1:9599]
16:09:28.275 [Forwarding sendKeysToElement on session c53d8246807f09cab1a1e62b9f3bd216 to remote] DEBUG org.asynchttpclient.netty.request.NettyRequestSender - Using pooled Channel '[id: 0x00791a21, L:/127.0.0.1:50290 - R:localhost/127.0.0.1:9599]' for 'POST' to 'http://localhost:9599/session/c53d8246807f09cab1a1e62b9f3bd216/element/E24075C99955FD2BF27F617E8EA957BF_element_10/value'
16:09:28.275 [Forwarding sendKeysToElement on session c53d8246807f09cab1a1e62b9f3bd216 to remote] DEBUG org.asynchttpclient.netty.request.NettyRequestSender - Using open Channel [id: 0x00791a21, L:/127.0.0.1:50290 - R:localhost/127.0.0.1:9599] for POST '/session/c53d8246807f09cab1a1e62b9f3bd216/element/E24075C99955FD2BF27F617E8EA957BF_element_10/value'
16:09:28.418 [AsyncHttpClient-1-2] DEBUG org.asynchttpclient.netty.handler.HttpHandler - 

Request DefaultHttpRequest(decodeResult: success, version: HTTP/1.1)
POST /session/c53d8246807f09cab1a1e62b9f3bd216/element/E24075C99955FD2BF27F617E8EA957BF_element_10/value HTTP/1.1
User-Agent: selenium/4.8.1 (java windows)
Content-Length: 208
Content-Type: application/json; charset=utf-8
host: localhost:9599
accept: */*

Response DefaultHttpResponse(decodeResult: success, version: HTTP/1.1)
HTTP/1.1 200 OK
Content-Length: 14
Content-Type: application/json; charset=utf-8
cache-control: no-cache

16:09:28.418 [AsyncHttpClient-1-2] DEBUG org.asynchttpclient.netty.channel.ChannelManager - Adding key: http://localhost:9599 for channel [id: 0x00791a21, L:/127.0.0.1:50290 - R:localhost/127.0.0.1:9599]
16:09:28.685 [AsyncHttpClient-1-1] DEBUG org.asynchttpclient.netty.channel.DefaultChannelPool - Entry count for : http://localhost:50291 : 1
16:09:28.685 [AsyncHttpClient-1-1] DEBUG org.asynchttpclient.netty.channel.DefaultChannelPool - Entry count for : http://localhost:9599 : 1
16:09:29.780 [AsyncHttpClient-1-1] DEBUG org.asynchttpclient.netty.channel.DefaultChannelPool - Entry count for : http://localhost:50291 : 1
16:09:29.780 [AsyncHttpClient-1-1] DEBUG org.asynchttpclient.netty.channel.DefaultChannelPool - Entry count for : http://localhost:9599 : 1
16:09:30.459 [Forwarding getAlertText on session c53d8246807f09cab1a1e62b9f3bd216 to remote] DEBUG org.asynchttpclient.netty.request.NettyRequestSender - Using pooled Channel '[id: 0x00791a21, L:/127.0.0.1:50290 - R:localhost/127.0.0.1:9599]' for 'GET' to 'http://localhost:9599/session/c53d8246807f09cab1a1e62b9f3bd216/alert/text'
16:09:30.459 [Forwarding getAlertText on session c53d8246807f09cab1a1e62b9f3bd216 to remote] DEBUG org.asynchttpclient.netty.request.NettyRequestSender - Using open Channel [id: 0x00791a21, L:/127.0.0.1:50290 - R:localhost/127.0.0.1:9599] for GET '/session/c53d8246807f09cab1a1e62b9f3bd216/alert/text'
16:09:30.463 [AsyncHttpClient-1-2] DEBUG org.asynchttpclient.netty.handler.HttpHandler - 

Request DefaultFullHttpRequest(decodeResult: success, version: HTTP/1.1, content: EmptyByteBufBE)
GET /session/c53d8246807f09cab1a1e62b9f3bd216/alert/text HTTP/1.1
User-Agent: selenium/4.8.1 (java windows)
Cache-Control: no-cache
Content-Type: application/json; charset=utf-8
host: localhost:9599
accept: */*

Response DefaultHttpResponse(decodeResult: success, version: HTTP/1.1)
HTTP/1.1 404 Not Found
Content-Length: 820
Content-Type: application/json; charset=utf-8
cache-control: no-cache

16:09:30.464 [AsyncHttpClient-1-2] DEBUG org.asynchttpclient.netty.channel.ChannelManager - Adding key: http://localhost:9599 for channel [id: 0x00791a21, L:/127.0.0.1:50290 - R:localhost/127.0.0.1:9599]
16:09:30.468 [Forwarding getCurrentUrl on session c53d8246807f09cab1a1e62b9f3bd216 to remote] DEBUG org.asynchttpclient.netty.request.NettyRequestSender - Using pooled Channel '[id: 0x00791a21, L:/127.0.0.1:50290 - R:localhost/127.0.0.1:9599]' for 'GET' to 'http://localhost:9599/session/c53d8246807f09cab1a1e62b9f3bd216/url'
16:09:30.468 [Forwarding getCurrentUrl on session c53d8246807f09cab1a1e62b9f3bd216 to remote] DEBUG org.asynchttpclient.netty.request.NettyRequestSender - Using open Channel [id: 0x00791a21, L:/127.0.0.1:50290 - R:localhost/127.0.0.1:9599] for GET '/session/c53d8246807f09cab1a1e62b9f3bd216/url'
16:09:30.478 [AsyncHttpClient-1-2] DEBUG org.asynchttpclient.netty.handler.HttpHandler - 

Request DefaultFullHttpRequest(decodeResult: success, version: HTTP/1.1, content: EmptyByteBufBE)
GET /session/c53d8246807f09cab1a1e62b9f3bd216/url HTTP/1.1
User-Agent: selenium/4.8.1 (java windows)
Cache-Control: no-cache
Content-Type: application/json; charset=utf-8
host: localhost:9599
accept: */*

Response DefaultHttpResponse(decodeResult: success, version: HTTP/1.1)
HTTP/1.1 200 OK
Content-Length: 51
Content-Type: application/json; charset=utf-8
cache-control: no-cache

16:09:30.479 [AsyncHttpClient-1-2] DEBUG org.asynchttpclient.netty.channel.ChannelManager - Adding key: http://localhost:9599 for channel [id: 0x00791a21, L:/127.0.0.1:50290 - R:localhost/127.0.0.1:9599]
16:09:30.481 [Forwarding screenshot on session c53d8246807f09cab1a1e62b9f3bd216 to remote] DEBUG org.asynchttpclient.netty.request.NettyRequestSender - Using pooled Channel '[id: 0x00791a21, L:/127.0.0.1:50290 - R:localhost/127.0.0.1:9599]' for 'GET' to 'http://localhost:9599/session/c53d8246807f09cab1a1e62b9f3bd216/screenshot'
16:09:30.481 [Forwarding screenshot on session c53d8246807f09cab1a1e62b9f3bd216 to remote] DEBUG org.asynchttpclient.netty.request.NettyRequestSender - Using open Channel [id: 0x00791a21, L:/127.0.0.1:50290 - R:localhost/127.0.0.1:9599] for GET '/session/c53d8246807f09cab1a1e62b9f3bd216/screenshot'
16:09:30.590 [AsyncHttpClient-1-2] DEBUG org.asynchttpclient.netty.handler.HttpHandler - 

Request DefaultFullHttpRequest(decodeResult: success, version: HTTP/1.1, content: EmptyByteBufBE)
GET /session/c53d8246807f09cab1a1e62b9f3bd216/screenshot HTTP/1.1
User-Agent: selenium/4.8.1 (java windows)
Cache-Control: no-cache
Content-Type: application/json; charset=utf-8
host: localhost:9599
accept: */*

Response DefaultHttpResponse(decodeResult: success, version: HTTP/1.1)
HTTP/1.1 200 OK
Content-Length: 40756
Content-Type: application/json; charset=utf-8
cache-control: no-cache

16:09:30.591 [AsyncHttpClient-1-2] DEBUG org.asynchttpclient.netty.channel.ChannelManager - Adding key: http://localhost:9599 for channel [id: 0x00791a21, L:/127.0.0.1:50290 - R:localhost/127.0.0.1:9599]
16:09:30.597 [main] DEBUG net.serenitybdd.core.photography.Darkroom - Send negative for processing for target\site\serenity\2fc307f384fe4fcccf3a9133276a13b0ca9669a399fbf89e23635d6cc5966163.png
16:09:30.597 [Darkroom Processing Line] DEBUG net.serenitybdd.core.photography.DarkroomProcessingLine - Processing screenshot image in /var/screenshots/screenshot-16348955419376726971
16:09:30.597 [main] DEBUG net.thucydides.core.steps.StepInterceptor - STEP DONE: aUserInputValidPassword
16:09:30.597 [Darkroom Processing Line] DEBUG net.serenitybdd.core.photography.DarkroomProcessingLine - Saving screenshot to target\site\serenity\2fc307f384fe4fcccf3a9133276a13b0ca9669a399fbf89e23635d6cc5966163.png
  &amp#27;[32mAnd &amp#27;[0m&amp#27;[32ma user input valid password&amp#27;[0m                 &amp#27;[90m# starter.stepdefinitions.LogOutSteps.aUserInputValidPassword()&amp#27;[0m
16:09:30.618 [main] DEBUG net.thucydides.core.steps.StepInterceptor - STARTING STEP: LogOutSteps.userClickBuutton - userClickBuutton
16:09:30.736 [Forwarding findElement on session c53d8246807f09cab1a1e62b9f3bd216 to remote] DEBUG org.asynchttpclient.netty.request.NettyRequestSender - Using pooled Channel '[id: 0x00791a21, L:/127.0.0.1:50290 - R:localhost/127.0.0.1:9599]' for 'POST' to 'http://localhost:9599/session/c53d8246807f09cab1a1e62b9f3bd216/element'
16:09:30.736 [Forwarding findElement on session c53d8246807f09cab1a1e62b9f3bd216 to remote] DEBUG org.asynchttpclient.netty.request.NettyRequestSender - Using open Channel [id: 0x00791a21, L:/127.0.0.1:50290 - R:localhost/127.0.0.1:9599] for POST '/session/c53d8246807f09cab1a1e62b9f3bd216/element'
16:09:30.754 [AsyncHttpClient-1-2] DEBUG org.asynchttpclient.netty.handler.HttpHandler - 

Request DefaultHttpRequest(decodeResult: success, version: HTTP/1.1)
POST /session/c53d8246807f09cab1a1e62b9f3bd216/element HTTP/1.1
User-Agent: selenium/4.8.1 (java windows)
Content-Length: 168
Content-Type: application/json; charset=utf-8
host: localhost:9599
accept: */*

Response DefaultHttpResponse(decodeResult: success, version: HTTP/1.1)
HTTP/1.1 200 OK
Content-Length: 95
Content-Type: application/json; charset=utf-8
cache-control: no-cache

16:09:30.755 [AsyncHttpClient-1-2] DEBUG org.asynchttpclient.netty.channel.ChannelManager - Adding key: http://localhost:9599 for channel [id: 0x00791a21, L:/127.0.0.1:50290 - R:localhost/127.0.0.1:9599]
16:09:30.757 [Forwarding getElementTagName on session c53d8246807f09cab1a1e62b9f3bd216 to remote] DEBUG org.asynchttpclient.netty.request.NettyRequestSender - Using pooled Channel '[id: 0x00791a21, L:/127.0.0.1:50290 - R:localhost/127.0.0.1:9599]' for 'GET' to 'http://localhost:9599/session/c53d8246807f09cab1a1e62b9f3bd216/element/E24075C99955FD2BF27F617E8EA957BF_element_11/name'
16:09:30.757 [Forwarding getElementTagName on session c53d8246807f09cab1a1e62b9f3bd216 to remote] DEBUG org.asynchttpclient.netty.request.NettyRequestSender - Using open Channel [id: 0x00791a21, L:/127.0.0.1:50290 - R:localhost/127.0.0.1:9599] for GET '/session/c53d8246807f09cab1a1e62b9f3bd216/element/E24075C99955FD2BF27F617E8EA957BF_element_11/name'
16:09:30.768 [AsyncHttpClient-1-2] DEBUG org.asynchttpclient.netty.handler.HttpHandler - 

Request DefaultFullHttpRequest(decodeResult: success, version: HTTP/1.1, content: EmptyByteBufBE)
GET /session/c53d8246807f09cab1a1e62b9f3bd216/element/E24075C99955FD2BF27F617E8EA957BF_element_11/name HTTP/1.1
User-Agent: selenium/4.8.1 (java windows)
Cache-Control: no-cache
Content-Type: application/json; charset=utf-8
host: localhost:9599
accept: */*

Response DefaultHttpResponse(decodeResult: success, version: HTTP/1.1)
HTTP/1.1 200 OK
Content-Length: 16
Content-Type: application/json; charset=utf-8
cache-control: no-cache

16:09:30.768 [AsyncHttpClient-1-2] DEBUG org.asynchttpclient.netty.channel.ChannelManager - Adding key: http://localhost:9599 for channel [id: 0x00791a21, L:/127.0.0.1:50290 - R:localhost/127.0.0.1:9599]
16:09:30.770 [Forwarding getElementTagName on session c53d8246807f09cab1a1e62b9f3bd216 to remote] DEBUG org.asynchttpclient.netty.request.NettyRequestSender - Using pooled Channel '[id: 0x00791a21, L:/127.0.0.1:50290 - R:localhost/127.0.0.1:9599]' for 'GET' to 'http://localhost:9599/session/c53d8246807f09cab1a1e62b9f3bd216/element/E24075C99955FD2BF27F617E8EA957BF_element_11/name'
16:09:30.770 [Forwarding getElementTagName on session c53d8246807f09cab1a1e62b9f3bd216 to remote] DEBUG org.asynchttpclient.netty.request.NettyRequestSender - Using open Channel [id: 0x00791a21, L:/127.0.0.1:50290 - R:localhost/127.0.0.1:9599] for GET '/session/c53d8246807f09cab1a1e62b9f3bd216/element/E24075C99955FD2BF27F617E8EA957BF_element_11/name'
16:09:30.779 [AsyncHttpClient-1-2] DEBUG org.asynchttpclient.netty.handler.HttpHandler - 

Request DefaultFullHttpRequest(decodeResult: success, version: HTTP/1.1, content: EmptyByteBufBE)
GET /session/c53d8246807f09cab1a1e62b9f3bd216/element/E24075C99955FD2BF27F617E8EA957BF_element_11/name HTTP/1.1
User-Agent: selenium/4.8.1 (java windows)
Cache-Control: no-cache
Content-Type: application/json; charset=utf-8
host: localhost:9599
accept: */*

Response DefaultHttpResponse(decodeResult: success, version: HTTP/1.1)
HTTP/1.1 200 OK
Content-Length: 16
Content-Type: application/json; charset=utf-8
cache-control: no-cache

16:09:30.779 [AsyncHttpClient-1-2] DEBUG org.asynchttpclient.netty.channel.ChannelManager - Adding key: http://localhost:9599 for channel [id: 0x00791a21, L:/127.0.0.1:50290 - R:localhost/127.0.0.1:9599]
16:09:30.783 [Forwarding findElement on session c53d8246807f09cab1a1e62b9f3bd216 to remote] DEBUG org.asynchttpclient.netty.request.NettyRequestSender - Using pooled Channel '[id: 0x00791a21, L:/127.0.0.1:50290 - R:localhost/127.0.0.1:9599]' for 'POST' to 'http://localhost:9599/session/c53d8246807f09cab1a1e62b9f3bd216/element'
16:09:30.783 [Forwarding findElement on session c53d8246807f09cab1a1e62b9f3bd216 to remote] DEBUG org.asynchttpclient.netty.request.NettyRequestSender - Using open Channel [id: 0x00791a21, L:/127.0.0.1:50290 - R:localhost/127.0.0.1:9599] for POST '/session/c53d8246807f09cab1a1e62b9f3bd216/element'
16:09:30.799 [AsyncHttpClient-1-2] DEBUG org.asynchttpclient.netty.handler.HttpHandler - 

Request DefaultHttpRequest(decodeResult: success, version: HTTP/1.1)
POST /session/c53d8246807f09cab1a1e62b9f3bd216/element HTTP/1.1
User-Agent: selenium/4.8.1 (java windows)
Content-Length: 168
Content-Type: application/json; charset=utf-8
host: localhost:9599
accept: */*

Response DefaultHttpResponse(decodeResult: success, version: HTTP/1.1)
HTTP/1.1 200 OK
Content-Length: 95
Content-Type: application/json; charset=utf-8
cache-control: no-cache

16:09:30.800 [AsyncHttpClient-1-2] DEBUG org.asynchttpclient.netty.channel.ChannelManager - Adding key: http://localhost:9599 for channel [id: 0x00791a21, L:/127.0.0.1:50290 - R:localhost/127.0.0.1:9599]
16:09:30.802 [Forwarding clickElement on session c53d8246807f09cab1a1e62b9f3bd216 to remote] DEBUG org.asynchttpclient.netty.request.NettyRequestSender - Using pooled Channel '[id: 0x00791a21, L:/127.0.0.1:50290 - R:localhost/127.0.0.1:9599]' for 'POST' to 'http://localhost:9599/session/c53d8246807f09cab1a1e62b9f3bd216/element/E24075C99955FD2BF27F617E8EA957BF_element_11/click'
16:09:30.802 [Forwarding clickElement on session c53d8246807f09cab1a1e62b9f3bd216 to remote] DEBUG org.asynchttpclient.netty.request.NettyRequestSender - Using open Channel [id: 0x00791a21, L:/127.0.0.1:50290 - R:localhost/127.0.0.1:9599] for POST '/session/c53d8246807f09cab1a1e62b9f3bd216/element/E24075C99955FD2BF27F617E8EA957BF_element_11/click'
16:09:30.880 [AsyncHttpClient-1-2] DEBUG org.asynchttpclient.netty.handler.HttpHandler - 

Request DefaultHttpRequest(decodeResult: success, version: HTTP/1.1)
POST /session/c53d8246807f09cab1a1e62b9f3bd216/element/E24075C99955FD2BF27F617E8EA957BF_element_11/click HTTP/1.1
User-Agent: selenium/4.8.1 (java windows)
Content-Length: 57
Content-Type: application/json; charset=utf-8
host: localhost:9599
accept: */*

Response DefaultHttpResponse(decodeResult: success, version: HTTP/1.1)
HTTP/1.1 200 OK
Content-Length: 14
Content-Type: application/json; charset=utf-8
cache-control: no-cache

16:09:30.881 [AsyncHttpClient-1-2] DEBUG org.asynchttpclient.netty.channel.ChannelManager - Adding key: http://localhost:9599 for channel [id: 0x00791a21, L:/127.0.0.1:50290 - R:localhost/127.0.0.1:9599]
16:09:30.885 [AsyncHttpClient-1-1] DEBUG org.asynchttpclient.netty.channel.DefaultChannelPool - Entry count for : http://localhost:50291 : 1
16:09:30.885 [AsyncHttpClient-1-1] DEBUG org.asynchttpclient.netty.channel.DefaultChannelPool - Entry count for : http://localhost:9599 : 1
16:09:31.979 [AsyncHttpClient-1-1] DEBUG org.asynchttpclient.netty.channel.DefaultChannelPool - Entry count for : http://localhost:50291 : 1
16:09:31.979 [AsyncHttpClient-1-1] DEBUG org.asynchttpclient.netty.channel.DefaultChannelPool - Entry count for : http://localhost:9599 : 1
16:09:32.922 [Forwarding getAlertText on session c53d8246807f09cab1a1e62b9f3bd216 to remote] DEBUG org.asynchttpclient.netty.request.NettyRequestSender - Using pooled Channel '[id: 0x00791a21, L:/127.0.0.1:50290 - R:localhost/127.0.0.1:9599]' for 'GET' to 'http://localhost:9599/session/c53d8246807f09cab1a1e62b9f3bd216/alert/text'
16:09:32.922 [Forwarding getAlertText on session c53d8246807f09cab1a1e62b9f3bd216 to remote] DEBUG org.asynchttpclient.netty.request.NettyRequestSender - Using open Channel [id: 0x00791a21, L:/127.0.0.1:50290 - R:localhost/127.0.0.1:9599] for GET '/session/c53d8246807f09cab1a1e62b9f3bd216/alert/text'
16:09:33.084 [AsyncHttpClient-1-1] DEBUG org.asynchttpclient.netty.channel.DefaultChannelPool - Entry count for : http://localhost:50291 : 1
16:09:33.975 [AsyncHttpClient-1-2] DEBUG org.asynchttpclient.netty.handler.HttpHandler - 

Request DefaultFullHttpRequest(decodeResult: success, version: HTTP/1.1, content: EmptyByteBufBE)
GET /session/c53d8246807f09cab1a1e62b9f3bd216/alert/text HTTP/1.1
User-Agent: selenium/4.8.1 (java windows)
Cache-Control: no-cache
Content-Type: application/json; charset=utf-8
host: localhost:9599
accept: */*

Response DefaultHttpResponse(decodeResult: success, version: HTTP/1.1)
HTTP/1.1 404 Not Found
Content-Length: 820
Content-Type: application/json; charset=utf-8
cache-control: no-cache

16:09:33.976 [AsyncHttpClient-1-2] DEBUG org.asynchttpclient.netty.channel.ChannelManager - Adding key: http://localhost:9599 for channel [id: 0x00791a21, L:/127.0.0.1:50290 - R:localhost/127.0.0.1:9599]
16:09:33.978 [Forwarding getCurrentUrl on session c53d8246807f09cab1a1e62b9f3bd216 to remote] DEBUG org.asynchttpclient.netty.request.NettyRequestSender - Using pooled Channel '[id: 0x00791a21, L:/127.0.0.1:50290 - R:localhost/127.0.0.1:9599]' for 'GET' to 'http://localhost:9599/session/c53d8246807f09cab1a1e62b9f3bd216/url'
16:09:33.978 [Forwarding getCurrentUrl on session c53d8246807f09cab1a1e62b9f3bd216 to remote] DEBUG org.asynchttpclient.netty.request.NettyRequestSender - Using open Channel [id: 0x00791a21, L:/127.0.0.1:50290 - R:localhost/127.0.0.1:9599] for GET '/session/c53d8246807f09cab1a1e62b9f3bd216/url'
16:09:33.989 [AsyncHttpClient-1-2] DEBUG org.asynchttpclient.netty.handler.HttpHandler - 

Request DefaultFullHttpRequest(decodeResult: success, version: HTTP/1.1, content: EmptyByteBufBE)
GET /session/c53d8246807f09cab1a1e62b9f3bd216/url HTTP/1.1
User-Agent: selenium/4.8.1 (java windows)
Cache-Control: no-cache
Content-Type: application/json; charset=utf-8
host: localhost:9599
accept: */*

Response DefaultHttpResponse(decodeResult: success, version: HTTP/1.1)
HTTP/1.1 200 OK
Content-Length: 41
Content-Type: application/json; charset=utf-8
cache-control: no-cache

16:09:33.990 [AsyncHttpClient-1-2] DEBUG org.asynchttpclient.netty.channel.ChannelManager - Adding key: http://localhost:9599 for channel [id: 0x00791a21, L:/127.0.0.1:50290 - R:localhost/127.0.0.1:9599]
16:09:33.991 [Forwarding screenshot on session c53d8246807f09cab1a1e62b9f3bd216 to remote] DEBUG org.asynchttpclient.netty.request.NettyRequestSender - Using pooled Channel '[id: 0x00791a21, L:/127.0.0.1:50290 - R:localhost/127.0.0.1:9599]' for 'GET' to 'http://localhost:9599/session/c53d8246807f09cab1a1e62b9f3bd216/screenshot'
16:09:33.991 [Forwarding screenshot on session c53d8246807f09cab1a1e62b9f3bd216 to remote] DEBUG org.asynchttpclient.netty.request.NettyRequestSender - Using open Channel [id: 0x00791a21, L:/127.0.0.1:50290 - R:localhost/127.0.0.1:9599] for GET '/session/c53d8246807f09cab1a1e62b9f3bd216/screenshot'
16:09:34.127 [AsyncHttpClient-1-2] DEBUG org.asynchttpclient.netty.handler.HttpHandler - 

Request DefaultFullHttpRequest(decodeResult: success, version: HTTP/1.1, content: EmptyByteBufBE)
GET /session/c53d8246807f09cab1a1e62b9f3bd216/screenshot HTTP/1.1
User-Agent: selenium/4.8.1 (java windows)
Cache-Control: no-cache
Content-Type: application/json; charset=utf-8
host: localhost:9599
accept: */*

Response DefaultHttpResponse(decodeResult: success, version: HTTP/1.1)
HTTP/1.1 200 OK
Content-Length: 97480
Content-Type: application/json; charset=utf-8
cache-control: no-cache

16:09:34.129 [AsyncHttpClient-1-2] DEBUG org.asynchttpclient.netty.channel.ChannelManager - Adding key: http://localhost:9599 for channel [id: 0x00791a21, L:/127.0.0.1:50290 - R:localhost/127.0.0.1:9599]
16:09:34.138 [main] DEBUG net.serenitybdd.core.photography.Darkroom - Send negative for processing for target\site\serenity\d97384cc2c114485ae8a6993da88915c45512068b21144c6410075684428f311.png
16:09:34.139 [Darkroom Processing Line] DEBUG net.serenitybdd.core.photography.DarkroomProcessingLine - Processing screenshot image in /var/screenshots/screenshot-12534849164478463131
16:09:34.139 [main] DEBUG net.thucydides.core.steps.StepInterceptor - STEP DONE: userClickBuutton
16:09:34.139 [Darkroom Processing Line] DEBUG net.serenitybdd.core.photography.DarkroomProcessingLine - Saving screenshot to target\site\serenity\d97384cc2c114485ae8a6993da88915c45512068b21144c6410075684428f311.png
  &amp#27;[32mAnd &amp#27;[0m&amp#27;[32muser click buutton&amp#27;[0m                          &amp#27;[90m# starter.stepdefinitions.LogOutSteps.userClickBuutton()&amp#27;[0m
16:09:34.162 [main] DEBUG net.thucydides.core.steps.StepInterceptor - STARTING STEP: LogOutSteps.lookAtTheMenuLogOut - lookAtTheMenuLogOut
16:09:34.169 [Forwarding findElement on session c53d8246807f09cab1a1e62b9f3bd216 to remote] DEBUG org.asynchttpclient.netty.request.NettyRequestSender - Using pooled Channel '[id: 0x00791a21, L:/127.0.0.1:50290 - R:localhost/127.0.0.1:9599]' for 'POST' to 'http://localhost:9599/session/c53d8246807f09cab1a1e62b9f3bd216/element'
16:09:34.169 [Forwarding findElement on session c53d8246807f09cab1a1e62b9f3bd216 to remote] DEBUG org.asynchttpclient.netty.request.NettyRequestSender - Using open Channel [id: 0x00791a21, L:/127.0.0.1:50290 - R:localhost/127.0.0.1:9599] for POST '/session/c53d8246807f09cab1a1e62b9f3bd216/element'
16:09:34.180 [AsyncHttpClient-1-1] DEBUG org.asynchttpclient.netty.channel.DefaultChannelPool - Entry count for : http://localhost:50291 : 1
16:09:34.207 [AsyncHttpClient-1-2] DEBUG org.asynchttpclient.netty.handler.HttpHandler - 

Request DefaultHttpRequest(decodeResult: success, version: HTTP/1.1)
POST /session/c53d8246807f09cab1a1e62b9f3bd216/element HTTP/1.1
User-Agent: selenium/4.8.1 (java windows)
Content-Length: 124
Content-Type: application/json; charset=utf-8
host: localhost:9599
accept: */*

Response DefaultHttpResponse(decodeResult: success, version: HTTP/1.1)
HTTP/1.1 200 OK
Content-Length: 95
Content-Type: application/json; charset=utf-8
cache-control: no-cache

16:09:34.208 [AsyncHttpClient-1-2] DEBUG org.asynchttpclient.netty.channel.ChannelManager - Adding key: http://localhost:9599 for channel [id: 0x00791a21, L:/127.0.0.1:50290 - R:localhost/127.0.0.1:9599]
16:09:34.210 [Forwarding getElementTagName on session c53d8246807f09cab1a1e62b9f3bd216 to remote] DEBUG org.asynchttpclient.netty.request.NettyRequestSender - Using pooled Channel '[id: 0x00791a21, L:/127.0.0.1:50290 - R:localhost/127.0.0.1:9599]' for 'GET' to 'http://localhost:9599/session/c53d8246807f09cab1a1e62b9f3bd216/element/E24075C99955FD2BF27F617E8EA957BF_element_14/name'
16:09:34.210 [Forwarding getElementTagName on session c53d8246807f09cab1a1e62b9f3bd216 to remote] DEBUG org.asynchttpclient.netty.request.NettyRequestSender - Using open Channel [id: 0x00791a21, L:/127.0.0.1:50290 - R:localhost/127.0.0.1:9599] for GET '/session/c53d8246807f09cab1a1e62b9f3bd216/element/E24075C99955FD2BF27F617E8EA957BF_element_14/name'
16:09:34.218 [AsyncHttpClient-1-2] DEBUG org.asynchttpclient.netty.handler.HttpHandler - 

Request DefaultFullHttpRequest(decodeResult: success, version: HTTP/1.1, content: EmptyByteBufBE)
GET /session/c53d8246807f09cab1a1e62b9f3bd216/element/E24075C99955FD2BF27F617E8EA957BF_element_14/name HTTP/1.1
User-Agent: selenium/4.8.1 (java windows)
Cache-Control: no-cache
Content-Type: application/json; charset=utf-8
host: localhost:9599
accept: */*

Response DefaultHttpResponse(decodeResult: success, version: HTTP/1.1)
HTTP/1.1 200 OK
Content-Length: 16
Content-Type: application/json; charset=utf-8
cache-control: no-cache

16:09:34.218 [AsyncHttpClient-1-2] DEBUG org.asynchttpclient.netty.channel.ChannelManager - Adding key: http://localhost:9599 for channel [id: 0x00791a21, L:/127.0.0.1:50290 - R:localhost/127.0.0.1:9599]
16:09:34.219 [Forwarding getElementTagName on session c53d8246807f09cab1a1e62b9f3bd216 to remote] DEBUG org.asynchttpclient.netty.request.NettyRequestSender - Using pooled Channel '[id: 0x00791a21, L:/127.0.0.1:50290 - R:localhost/127.0.0.1:9599]' for 'GET' to 'http://localhost:9599/session/c53d8246807f09cab1a1e62b9f3bd216/element/E24075C99955FD2BF27F617E8EA957BF_element_14/name'
16:09:34.219 [Forwarding getElementTagName on session c53d8246807f09cab1a1e62b9f3bd216 to remote] DEBUG org.asynchttpclient.netty.request.NettyRequestSender - Using open Channel [id: 0x00791a21, L:/127.0.0.1:50290 - R:localhost/127.0.0.1:9599] for GET '/session/c53d8246807f09cab1a1e62b9f3bd216/element/E24075C99955FD2BF27F617E8EA957BF_element_14/name'
16:09:34.227 [AsyncHttpClient-1-2] DEBUG org.asynchttpclient.netty.handler.HttpHandler - 

Request DefaultFullHttpRequest(decodeResult: success, version: HTTP/1.1, content: EmptyByteBufBE)
GET /session/c53d8246807f09cab1a1e62b9f3bd216/element/E24075C99955FD2BF27F617E8EA957BF_element_14/name HTTP/1.1
User-Agent: selenium/4.8.1 (java windows)
Cache-Control: no-cache
Content-Type: application/json; charset=utf-8
host: localhost:9599
accept: */*

Response DefaultHttpResponse(decodeResult: success, version: HTTP/1.1)
HTTP/1.1 200 OK
Content-Length: 16
Content-Type: application/json; charset=utf-8
cache-control: no-cache

16:09:34.228 [AsyncHttpClient-1-2] DEBUG org.asynchttpclient.netty.channel.ChannelManager - Adding key: http://localhost:9599 for channel [id: 0x00791a21, L:/127.0.0.1:50290 - R:localhost/127.0.0.1:9599]
16:09:34.231 [Forwarding findElement on session c53d8246807f09cab1a1e62b9f3bd216 to remote] DEBUG org.asynchttpclient.netty.request.NettyRequestSender - Using pooled Channel '[id: 0x00791a21, L:/127.0.0.1:50290 - R:localhost/127.0.0.1:9599]' for 'POST' to 'http://localhost:9599/session/c53d8246807f09cab1a1e62b9f3bd216/element'
16:09:34.231 [Forwarding findElement on session c53d8246807f09cab1a1e62b9f3bd216 to remote] DEBUG org.asynchttpclient.netty.request.NettyRequestSender - Using open Channel [id: 0x00791a21, L:/127.0.0.1:50290 - R:localhost/127.0.0.1:9599] for POST '/session/c53d8246807f09cab1a1e62b9f3bd216/element'
16:09:34.249 [AsyncHttpClient-1-2] DEBUG org.asynchttpclient.netty.handler.HttpHandler - 

Request DefaultHttpRequest(decodeResult: success, version: HTTP/1.1)
POST /session/c53d8246807f09cab1a1e62b9f3bd216/element HTTP/1.1
User-Agent: selenium/4.8.1 (java windows)
Content-Length: 124
Content-Type: application/json; charset=utf-8
host: localhost:9599
accept: */*

Response DefaultHttpResponse(decodeResult: success, version: HTTP/1.1)
HTTP/1.1 200 OK
Content-Length: 95
Content-Type: application/json; charset=utf-8
cache-control: no-cache

16:09:34.249 [AsyncHttpClient-1-2] DEBUG org.asynchttpclient.netty.channel.ChannelManager - Adding key: http://localhost:9599 for channel [id: 0x00791a21, L:/127.0.0.1:50290 - R:localhost/127.0.0.1:9599]
16:09:34.251 [Forwarding clickElement on session c53d8246807f09cab1a1e62b9f3bd216 to remote] DEBUG org.asynchttpclient.netty.request.NettyRequestSender - Using pooled Channel '[id: 0x00791a21, L:/127.0.0.1:50290 - R:localhost/127.0.0.1:9599]' for 'POST' to 'http://localhost:9599/session/c53d8246807f09cab1a1e62b9f3bd216/element/E24075C99955FD2BF27F617E8EA957BF_element_14/click'
16:09:34.251 [Forwarding clickElement on session c53d8246807f09cab1a1e62b9f3bd216 to remote] DEBUG org.asynchttpclient.netty.request.NettyRequestSender - Using open Channel [id: 0x00791a21, L:/127.0.0.1:50290 - R:localhost/127.0.0.1:9599] for POST '/session/c53d8246807f09cab1a1e62b9f3bd216/element/E24075C99955FD2BF27F617E8EA957BF_element_14/click'
16:09:34.424 [AsyncHttpClient-1-2] DEBUG org.asynchttpclient.netty.handler.HttpHandler - 

Request DefaultHttpRequest(decodeResult: success, version: HTTP/1.1)
POST /session/c53d8246807f09cab1a1e62b9f3bd216/element/E24075C99955FD2BF27F617E8EA957BF_element_14/click HTTP/1.1
User-Agent: selenium/4.8.1 (java windows)
Content-Length: 57
Content-Type: application/json; charset=utf-8
host: localhost:9599
accept: */*

Response DefaultHttpResponse(decodeResult: success, version: HTTP/1.1)
HTTP/1.1 200 OK
Content-Length: 14
Content-Type: application/json; charset=utf-8
cache-control: no-cache

16:09:34.425 [AsyncHttpClient-1-2] DEBUG org.asynchttpclient.netty.channel.ChannelManager - Adding key: http://localhost:9599 for channel [id: 0x00791a21, L:/127.0.0.1:50290 - R:localhost/127.0.0.1:9599]
16:09:35.283 [AsyncHttpClient-1-1] DEBUG org.asynchttpclient.netty.channel.DefaultChannelPool - Entry count for : http://localhost:50291 : 1
16:09:35.283 [AsyncHttpClient-1-1] DEBUG org.asynchttpclient.netty.channel.DefaultChannelPool - Entry count for : http://localhost:9599 : 1
16:09:36.380 [AsyncHttpClient-1-1] DEBUG org.asynchttpclient.netty.channel.DefaultChannelPool - Entry count for : http://localhost:50291 : 1
16:09:36.380 [AsyncHttpClient-1-1] DEBUG org.asynchttpclient.netty.channel.DefaultChannelPool - Entry count for : http://localhost:9599 : 1
16:09:36.450 [Forwarding getAlertText on session c53d8246807f09cab1a1e62b9f3bd216 to remote] DEBUG org.asynchttpclient.netty.request.NettyRequestSender - Using pooled Channel '[id: 0x00791a21, L:/127.0.0.1:50290 - R:localhost/127.0.0.1:9599]' for 'GET' to 'http://localhost:9599/session/c53d8246807f09cab1a1e62b9f3bd216/alert/text'
16:09:36.450 [Forwarding getAlertText on session c53d8246807f09cab1a1e62b9f3bd216 to remote] DEBUG org.asynchttpclient.netty.request.NettyRequestSender - Using open Channel [id: 0x00791a21, L:/127.0.0.1:50290 - R:localhost/127.0.0.1:9599] for GET '/session/c53d8246807f09cab1a1e62b9f3bd216/alert/text'
16:09:36.453 [AsyncHttpClient-1-2] DEBUG org.asynchttpclient.netty.handler.HttpHandler - 

Request DefaultFullHttpRequest(decodeResult: success, version: HTTP/1.1, content: EmptyByteBufBE)
GET /session/c53d8246807f09cab1a1e62b9f3bd216/alert/text HTTP/1.1
User-Agent: selenium/4.8.1 (java windows)
Cache-Control: no-cache
Content-Type: application/json; charset=utf-8
host: localhost:9599
accept: */*

Response DefaultHttpResponse(decodeResult: success, version: HTTP/1.1)
HTTP/1.1 404 Not Found
Content-Length: 820
Content-Type: application/json; charset=utf-8
cache-control: no-cache

[...]
16:10:45.683 [AsyncHttpClient-1-1] DEBUG org.asynchttpclient.netty.channel.DefaultChannelPool - Entry count for : http://localhost:50401 : 1
16:10:45.683 [AsyncHttpClient-1-1] DEBUG org.asynchttpclient.netty.channel.DefaultChannelPool - Entry count for : http://localhost:45202 : 1
16:10:46.780 [AsyncHttpClient-1-1] DEBUG org.asynchttpclient.netty.channel.DefaultChannelPool - Entry count for : http://localhost:50401 : 1
16:10:46.780 [AsyncHttpClient-1-1] DEBUG org.asynchttpclient.netty.channel.DefaultChannelPool - Entry count for : http://localhost:45202 : 1
16:10:46.811 [Forwarding getCurrentUrl on session e5a9c8b4f5192fa942fa7b479fa67c21 to remote] DEBUG org.asynchttpclient.netty.request.NettyRequestSender - Using pooled Channel '[id: 0x93881530, L:/127.0.0.1:50400 - R:localhost/127.0.0.1:45202]' for 'GET' to 'http://localhost:45202/session/e5a9c8b4f5192fa942fa7b479fa67c21/url'
16:10:46.811 [Forwarding getCurrentUrl on session e5a9c8b4f5192fa942fa7b479fa67c21 to remote] DEBUG org.asynchttpclient.netty.request.NettyRequestSender - Using open Channel [id: 0x93881530, L:/127.0.0.1:50400 - R:localhost/127.0.0.1:45202] for GET '/session/e5a9c8b4f5192fa942fa7b479fa67c21/url'
16:10:46.816 [AsyncHttpClient-1-14] DEBUG org.asynchttpclient.netty.handler.HttpHandler - 

Request DefaultFullHttpRequest(decodeResult: success, version: HTTP/1.1, content: EmptyByteBufBE)
GET /session/e5a9c8b4f5192fa942fa7b479fa67c21/url HTTP/1.1
User-Agent: selenium/4.8.1 (java windows)
Cache-Control: no-cache
Content-Type: application/json; charset=utf-8
host: localhost:45202
accept: */*

Response DefaultHttpResponse(decodeResult: success, version: HTTP/1.1)
HTTP/1.1 200 OK
Content-Length: 41
Content-Type: application/json; charset=utf-8
cache-control: no-cache

16:10:46.816 [AsyncHttpClient-1-14] DEBUG org.asynchttpclient.netty.channel.ChannelManager - Adding key: http://localhost:45202 for channel [id: 0x93881530, L:/127.0.0.1:50400 - R:localhost/127.0.0.1:45202]
  &amp#27;[31mAnd &amp#27;[0m&amp#27;[31muser click productt&amp#27;[0m                                       &amp#27;[90m# starter.stepdefinitions.ProductSteps.userClickProductt()&amp#27;[0m
      &amp#27;[31mnet.thucydides.core.webdriver.exceptions.ElementShouldBeEnabledException: Expected enabled element was not enabled
	at net.serenitybdd.core.pages.WebElementFacadeImpl.waitUntilEnabled(WebElementFacadeImpl.java:1122)
	at net.serenitybdd.core.pages.WebElementFacadeImpl.waitUntilElementAvailable(WebElementFacadeImpl.java:906)
	at net.serenitybdd.core.pages.WebElementFacadeImpl.click(WebElementFacadeImpl.java:1204)
	at net.serenitybdd.core.pages.WebElementFacadeImpl.click(WebElementFacadeImpl.java:1224)
	at MpWeb@1.0-SNAPSHOT/starter.pages.NegativeProduct.userClickProductt(NegativeProduct.java:52)
	at MpWeb@1.0-SNAPSHOT/starter.pages.NegativeProduct$ByteBuddy$cZBulXSn.userClickProductt$accessor$AkO236lS(Unknown Source)
	at java.base/jdk.internal.reflect.DirectMethodHandleAccessor.invoke(DirectMethodHandleAccessor.java:104)
	at java.base/java.lang.reflect.Method.invoke(Method.java:578)
	at net.thucydides.core.steps.StepInterceptor.invokeMethod(StepInterceptor.java:518)
	at net.thucydides.core.steps.StepInterceptor.executeTestStepMethod(StepInterceptor.java:498)
	at net.thucydides.core.steps.StepInterceptor.runTestStep(StepInterceptor.java:472)
	at net.thucydides.core.steps.StepInterceptor.runOrSkipMethod(StepInterceptor.java:211)
	at net.thucydides.core.steps.StepInterceptor.testStepResult(StepInterceptor.java:198)
	at net.thucydides.core.steps.StepInterceptor.intercept(StepInterceptor.java:86)
	at net.thucydides.core.steps.ProxyConfiguration$InterceptorDispatcher.intercept(ProxyConfiguration.java:51)
	at MpWeb@1.0-SNAPSHOT/starter.pages.NegativeProduct$ByteBuddy$cZBulXSn.userClickProductt(Unknown Source)
	at MpWeb@1.0-SNAPSHOT/starter.stepdefinitions.ProductSteps.userClickProductt(ProductSteps.java:83)
	at ✽.user click productt(file:///D:/JAVA/manusia/MP-WEB/src/test/resources/features.web/product.feature:20)
Caused by: org.openqa.selenium.TimeoutException: Expected condition failed: waiting for By.xpath: Power Ranger Mystic Force to be enabled (tried for 5 second(s) with 100 milliseconds interval)
	at org.openqa.selenium.support.ui.FluentWait.timeoutException(FluentWait.java:263)
	at org.openqa.selenium.support.ui.FluentWait.until(FluentWait.java:231)
	at net.serenitybdd.core.pages.WebElementFacadeImpl.waitUntilEnabled(WebElementFacadeImpl.java:1119)
	at net.serenitybdd.core.pages.WebElementFacadeImpl.waitUntilElementAvailable(WebElementFacadeImpl.java:906)
	at net.serenitybdd.core.pages.WebElementFacadeImpl.click(WebElementFacadeImpl.java:1204)
	at net.serenitybdd.core.pages.WebElementFacadeImpl.click(WebElementFacadeImpl.java:1224)
	at MpWeb@1.0-SNAPSHOT/starter.pages.NegativeProduct.userClickProductt(NegativeProduct.java:52)
	at MpWeb@1.0-SNAPSHOT/starter.pages.NegativeProduct$ByteBuddy$cZBulXSn.userClickProductt$accessor$AkO236lS(Unknown Source)
	at java.base/jdk.internal.reflect.DirectMethodHandleAccessor.invoke(DirectMethodHandleAccessor.java:104)
	at java.base/java.lang.reflect.Method.invoke(Method.java:578)
	at net.thucydides.core.steps.StepInterceptor.invokeMethod(StepInterceptor.java:518)
	at net.thucydides.core.steps.StepInterceptor.executeTestStepMethod(StepInterceptor.java:498)
	at net.thucydides.core.steps.StepInterceptor.runTestStep(StepInterceptor.java:472)
	at net.thucydides.core.steps.StepInterceptor.runOrSkipMethod(StepInterceptor.java:211)
	at net.thucydides.core.steps.StepInterceptor.testStepResult(StepInterceptor.java:198)
	at net.thucydides.core.steps.StepInterceptor.intercept(StepInterceptor.java:86)
	at net.thucydides.core.steps.ProxyConfiguration$InterceptorDispatcher.intercept(ProxyConfiguration.java:51)
	at MpWeb@1.0-SNAPSHOT/starter.pages.NegativeProduct$ByteBuddy$cZBulXSn.userClickProductt(Unknown Source)
	at MpWeb@1.0-SNAPSHOT/starter.stepdefinitions.ProductSteps.userClickProductt(ProductSteps.java:83)
	at java.base/jdk.internal.reflect.DirectMethodHandleAccessor.invoke(DirectMethodHandleAccessor.java:104)
	at java.base/java.lang.reflect.Method.invoke(Method.java:578)
	at io.cucumber.java.Invoker.doInvoke(Invoker.java:66)
	at io.cucumber.java.Invoker.invoke(Invoker.java:24)
	at io.cucumber.java.AbstractGlueDefinition.invokeMethod(AbstractGlueDefinition.java:47)
	at io.cucumber.java.JavaStepDefinition.execute(JavaStepDefinition.java:29)
	at io.cucumber.core.runner.CoreStepDefinition.execute(CoreStepDefinition.java:66)
	at io.cucumber.core.runner.PickleStepDefinitionMatch.runStep(PickleStepDefinitionMatch.java:63)
	at io.cucumber.core.runner.ExecutionMode$1.execute(ExecutionMode.java:10)
	at io.cucumber.core.runner.TestStep.executeStep(TestStep.java:84)
	at io.cucumber.core.runner.TestStep.run(TestStep.java:56)
	at io.cucumber.core.runner.PickleStepTestStep.run(PickleStepTestStep.java:51)
	at io.cucumber.core.runner.TestCase.run(TestCase.java:84)
	at io.cucumber.core.runner.Runner.runPickle(Runner.java:75)
	at io.cucumber.junit.PickleRunners$NoStepDescriptions.lambda$run$0(PickleRunners.java:151)
	at io.cucumber.core.runtime.CucumberExecutionContext.lambda$runTestCase$5(CucumberExecutionContext.java:130)
	at io.cucumber.core.runtime.RethrowingThrowableCollector.executeAndThrow(RethrowingThrowableCollector.java:23)
	at io.cucumber.core.runtime.CucumberExecutionContext.runTestCase(CucumberExecutionContext.java:130)
	at io.cucumber.junit.PickleRunners$NoStepDescriptions.run(PickleRunners.java:148)
	at io.cucumber.junit.FeatureRunner.runChild(FeatureRunner.java:144)
	at io.cucumber.junit.FeatureRunner.runChild(FeatureRunner.java:28)
	at org.junit.runners.ParentRunner$4.run(ParentRunner.java:331)
	at org.junit.runners.ParentRunner$1.schedule(ParentRunner.java:79)
	at org.junit.runners.ParentRunner.runChildren(ParentRunner.java:329)
	at org.junit.runners.ParentRunner.access$100(ParentRunner.java:66)
	at org.junit.runners.ParentRunner$2.evaluate(ParentRunner.java:293)
	at org.junit.runners.ParentRunner$3.evaluate(ParentRunner.java:306)
	at org.junit.runners.ParentRunner.run(ParentRunner.java:413)
	at io.cucumber.junit.FeatureRunner.run(FeatureRunner.java:137)
	at io.cucumber.junit.CucumberSerenityBaseRunner.runChild(CucumberSerenityBaseRunner.java:330)
	at io.cucumber.junit.CucumberSerenityBaseRunner.runChild(CucumberSerenityBaseRunner.java:51)
	at org.junit.runners.ParentRunner$4.run(ParentRunner.java:331)
	at org.junit.runners.ParentRunner$1.schedule(ParentRunner.java:79)
	at org.junit.runners.ParentRunner.runChildren(ParentRunner.java:329)
	at org.junit.runners.ParentRunner.access$100(ParentRunner.java:66)
	at org.junit.runners.ParentRunner$2.evaluate(ParentRunner.java:293)
	at io.cucumber.junit.CucumberSerenityBaseRunner$RunCucumber.evaluate(CucumberSerenityBaseRunner.java:361)
	at org.junit.runners.ParentRunner$3.evaluate(ParentRunner.java:306)
	at org.junit.runners.ParentRunner.run(ParentRunner.java:413)
	at org.junit.runner.JUnitCore.run(JUnitCore.java:137)
	at org.junit.runner.JUnitCore.run(JUnitCore.java:115)
	at org.junit.vintage.engine.execution.RunnerExecutor.execute(RunnerExecutor.java:42)
	at org.junit.vintage.engine.VintageTestEngine.executeAllChildren(VintageTestEngine.java:80)
	at org.junit.vintage.engine.VintageTestEngine.execute(VintageTestEngine.java:72)
	at org.junit.platform.launcher.core.EngineExecutionOrchestrator.execute(EngineExecutionOrchestrator.java:107)
	at org.junit.platform.launcher.core.EngineExecutionOrchestrator.execute(EngineExecutionOrchestrator.java:88)
	at org.junit.platform.launcher.core.EngineExecutionOrchestrator.lambda$execute$0(EngineExecutionOrchestrator.java:54)
	at org.junit.platform.launcher.core.EngineExecutionOrchestrator.withInterceptedStreams(EngineExecutionOrchestrator.java:67)
	at org.junit.platform.launcher.core.EngineExecutionOrchestrator.execute(EngineExecutionOrchestrator.java:52)
	at org.junit.platform.launcher.core.DefaultLauncher.execute(DefaultLauncher.java:114)
	at org.junit.platform.launcher.core.DefaultLauncher.execute(DefaultLauncher.java:86)
	at org.junit.platform.launcher.core.DefaultLauncherSession$DelegatingLauncher.execute(DefaultLauncherSession.java:86)
	at org.junit.platform.launcher.core.SessionPerRequestLauncher.execute(SessionPerRequestLauncher.java:53)
	at org.apache.maven.surefire.junitplatform.JUnitPlatformProvider.execute(JUnitPlatformProvider.java:188)
	at org.apache.maven.surefire.junitplatform.JUnitPlatformProvider.invokeAllTests(JUnitPlatformProvider.java:154)
	at org.apache.maven.surefire.junitplatform.JUnitPlatformProvider.invoke(JUnitPlatformProvider.java:128)
	at org.apache.maven.surefire.booter.ForkedBooter.runSuitesInProcess(ForkedBooter.java:428)
	at org.apache.maven.surefire.booter.ForkedBooter.execute(ForkedBooter.java:162)
	at org.apache.maven.surefire.booter.ForkedBooter.run(ForkedBooter.java:562)
	at org.apache.maven.surefire.booter.ForkedBooter.main(ForkedBooter.java:548)
Caused by: org.openqa.selenium.InvalidSelectorException: invalid selector: Unable to locate an element with the xpath expression Power Ranger Mystic Force because of the following error:
SyntaxError: Failed to execute 'evaluate' on 'Document': The string 'Power Ranger Mystic Force' is not a valid XPath expression.
  (Session info: chrome=113.0.5672.93)
For documentation on this error, please visit: https://selenium.dev/exceptions/#invalid_selector_exception
Build info: version: '4.8.1', revision: '8ebccac989'
System info: os.name: 'Windows 11', os.arch: 'amd64', os.version: '10.0', java.version: '19.0.2'
Driver info: org.openqa.selenium.chrome.ChromeDriver
Command: [e5a9c8b4f5192fa942fa7b479fa67c21, findElement {using=xpath, value=Power Ranger Mystic Force}]
Capabilities {acceptInsecureCerts: true, browserName: chrome, browserVersion: 113.0.5672.93, chrome: {chromedriverVersion: 113.0.5672.63 (0e1a4471d5ae..., userDataDir: C:\Users\drago\AppData\Loca...}, goog:chromeOptions: {debuggerAddress: localhost:50401}, networkConnectionEnabled: false, pageLoadStrategy: normal, platformName: WINDOWS, proxy: Proxy(), se:cdp: ws://localhost:50401/devtoo..., se:cdpVersion: 113.0.5672.93, setWindowRect: true, strictFileInteractability: false, timeouts: {implicit: 0, pageLoad: 300000, script: 30000}, unhandledPromptBehavior: dismiss and notify, webauthn:extension:credBlob: true, webauthn:extension:largeBlob: true, webauthn:extension:minPinLength: true, webauthn:extension:prf: true, webauthn:virtualAuthenticators: true}
Session ID: e5a9c8b4f5192fa942fa7b479fa67c21
	at java.base/jdk.internal.reflect.DirectConstructorHandleAccessor.newInstance(DirectConstructorHandleAccessor.java:67)
	at java.base/java.lang.reflect.Constructor.newInstanceWithCaller(Constructor.java:500)
	at java.base/java.lang.reflect.Constructor.newInstance(Constructor.java:484)
	at org.openqa.selenium.remote.codec.w3c.W3CHttpResponseCodec.createException(W3CHttpResponseCodec.java:200)
	at org.openqa.selenium.remote.codec.w3c.W3CHttpResponseCodec.decode(W3CHttpResponseCodec.java:133)
	at org.openqa.selenium.remote.codec.w3c.W3CHttpResponseCodec.decode(W3CHttpResponseCodec.java:53)
	at org.openqa.selenium.remote.HttpCommandExecutor.execute(HttpCommandExecutor.java:184)
	at org.openqa.selenium.remote.service.DriverCommandExecutor.invokeExecute(DriverCommandExecutor.java:167)
	at org.openqa.selenium.remote.service.DriverCommandExecutor.execute(DriverCommandExecutor.java:142)
	at org.openqa.selenium.remote.RemoteWebDriver.execute(RemoteWebDriver.java:543)
	at org.openqa.selenium.remote.ElementLocation$ElementFinder$2.findElement(ElementLocation.java:162)
	at org.openqa.selenium.remote.ElementLocation.findElement(ElementLocation.java:60)
	at org.openqa.selenium.remote.RemoteWebDriver.findElement(RemoteWebDriver.java:352)
	at org.openqa.selenium.remote.RemoteWebDriver.findElement(RemoteWebDriver.java:344)
	at net.thucydides.core.webdriver.WebDriverFacade.findElement(WebDriverFacade.java:242)
	at net.serenitybdd.core.pages.WebElementResolverByLocator.resolveForDriver(WebElementResolverByLocator.java:25)
	at net.serenitybdd.core.pages.WebElementFacadeImpl.getResolvedElement(WebElementFacadeImpl.java:189)
	at net.serenitybdd.core.pages.WebElementFacadeImpl.getElement(WebElementFacadeImpl.java:184)
	at net.serenitybdd.core.pages.WebElementExpectations$3.apply(WebElementExpectations.java:63)
	at net.serenitybdd.core.pages.WebElementExpectations$3.apply(WebElementExpectations.java:55)
	at org.openqa.selenium.support.ui.FluentWait.until(FluentWait.java:208)
	... 77 more
&amp#27;[0m
  &amp#27;[36mThen &amp#27;[0m&amp#27;[36mitem goes to buckett&amp#27;[0m                                     &amp#27;[90m# starter.stepdefinitions.ProductSteps.itemGoesToBuckett()&amp#27;[0m
16:10:46.900 [main] ERROR  - 
  _____   ___   ___   _____     ___     _     ___   _      ___   ___  
 |_   _| | __| / __| |_   _|   | __|   /_\   |_ _| | |    | __| |   \ 
   | |   | _|  \__ \   | |     | _|   / _ \   | |  | |__  | _|  | |) |
   |_|   |___| |___/   |_|     |_|   /_/ \_\ |___| |____| |___| |___/ 

as a user I want to add a missing product to a bucket
-----------------------------------------------------------------------
16:10:46.903 [main] DEBUG  - RELATED ISSUES: 
16:10:46.907 [main] ERROR  -     Test failed at step: User click productt
16:10:46.907 [main] ERROR  -     Expected enabled element was not enabled
16:10:46.912 [AsyncHttpClient-1-16] DEBUG org.asynchttpclient.netty.handler.WebSocketHandler - Channel Closed: [id: 0x262242cf, L:/127.0.0.1:50407 ! R:localhost/127.0.0.1:50401] with attribute NettyResponseFuture{currentRetry=0,
	isDone=1,
	isCancelled=0,
	asyncHandler=org.asynchttpclient.ws.WebSocketUpgradeHandler@54953023,
	nettyRequest=org.asynchttpclient.netty.request.NettyRequest@1197a4d5,
	future=java.util.concurrent.CompletableFuture@2514c277[Completed normally],
	uri=ws://localhost:50401/devtools/browser/4be1cafd-0ee8-474c-b893-46dd6855e163,
	keepAlive=true,
	redirectCount=0,
	timeoutsHolder=null,
	inAuth=0,
	touch=1683709832513}
16:10:46.913 [AsyncHttpClient-1-16] DEBUG org.asynchttpclient.netty.channel.ChannelManager - Closing Channel [id: 0x262242cf, L:/127.0.0.1:50407 ! R:localhost/127.0.0.1:50401] 
16:10:46.913 [Driver Command Executor] DEBUG org.asynchttpclient.netty.request.NettyRequestSender - Using pooled Channel '[id: 0x93881530, L:/127.0.0.1:50400 - R:localhost/127.0.0.1:45202]' for 'DELETE' to 'http://localhost:45202/session/e5a9c8b4f5192fa942fa7b479fa67c21'
16:10:46.913 [Driver Command Executor] DEBUG org.asynchttpclient.netty.request.NettyRequestSender - Using open Channel [id: 0x93881530, L:/127.0.0.1:50400 - R:localhost/127.0.0.1:45202] for DELETE '/session/e5a9c8b4f5192fa942fa7b479fa67c21'
16:10:46.978 [AsyncHttpClient-1-15] DEBUG org.asynchttpclient.netty.handler.HttpHandler - Unexpected I/O exception on channel [id: 0xf94c6e9e, L:/127.0.0.1:50406 - R:localhost/127.0.0.1:50401]
java.net.SocketException: Connection reset
	at java.base/sun.nio.ch.SocketChannelImpl.throwConnectionReset(SocketChannelImpl.java:401)
	at java.base/sun.nio.ch.SocketChannelImpl.read(SocketChannelImpl.java:434)
	at io.netty.buffer.PooledByteBuf.setBytes(PooledByteBuf.java:259)
	at io.netty.buffer.AbstractByteBuf.writeBytes(AbstractByteBuf.java:1132)
	at io.netty.channel.socket.nio.NioSocketChannel.doReadBytes(NioSocketChannel.java:357)
	at io.netty.channel.nio.AbstractNioByteChannel$NioByteUnsafe.read(AbstractNioByteChannel.java:151)
	at io.netty.channel.nio.NioEventLoop.processSelectedKey(NioEventLoop.java:788)
	at io.netty.channel.nio.NioEventLoop.processSelectedKeysOptimized(NioEventLoop.java:724)
	at io.netty.channel.nio.NioEventLoop.processSelectedKeys(NioEventLoop.java:650)
	at io.netty.channel.nio.NioEventLoop.run(NioEventLoop.java:562)
	at io.netty.util.concurrent.SingleThreadEventExecutor$4.run(SingleThreadEventExecutor.java:997)
	at io.netty.util.internal.ThreadExecutorMap$2.run(ThreadExecutorMap.java:74)
	at io.netty.util.concurrent.FastThreadLocalRunnable.run(FastThreadLocalRunnable.java:30)
	at java.base/java.lang.Thread.run(Thread.java:1589)
16:10:46.979 [AsyncHttpClient-1-15] DEBUG org.asynchttpclient.netty.channel.ChannelManager - Closing Channel [id: 0xf94c6e9e, L:/127.0.0.1:50406 - R:localhost/127.0.0.1:50401] 
16:10:46.980 [AsyncHttpClient-1-15] DEBUG org.asynchttpclient.netty.handler.HttpHandler - Channel Closed: [id: 0xf94c6e9e, L:/127.0.0.1:50406 ! R:localhost/127.0.0.1:50401] with attribute DISCARD
16:10:47.050 [AsyncHttpClient-1-14] DEBUG org.asynchttpclient.netty.handler.HttpHandler - 

Request DefaultFullHttpRequest(decodeResult: success, version: HTTP/1.1, content: EmptyByteBufBE)
DELETE /session/e5a9c8b4f5192fa942fa7b479fa67c21 HTTP/1.1
User-Agent: selenium/4.8.1 (java windows)
Content-Type: application/json; charset=utf-8
host: localhost:45202
accept: */*

Response DefaultHttpResponse(decodeResult: success, version: HTTP/1.1)
HTTP/1.1 200 OK
Content-Length: 14
Content-Type: application/json; charset=utf-8
cache-control: no-cache

16:10:47.050 [AsyncHttpClient-1-14] DEBUG org.asynchttpclient.netty.channel.ChannelManager - Adding key: http://localhost:45202 for channel [id: 0x93881530, L:/127.0.0.1:50400 - R:localhost/127.0.0.1:45202]
16:10:47.224 [AsyncHttpClient-1-14] DEBUG org.asynchttpclient.netty.handler.HttpHandler - Channel Closed: [id: 0x93881530, L:/127.0.0.1:50400 ! R:localhost/127.0.0.1:45202] with attribute DISCARD
]]></system-out>
    <system-err><![CDATA[Starting ChromeDriver 113.0.5672.63 (0e1a4471d5ae5bf128b1bd8f4d627c8cbd55f70c-refs/branch-heads/5672@{#912}) on port 45202
Only local connections are allowed.
Please see https://chromedriver.chromium.org/security-considerations for suggestions on keeping ChromeDriver safe.
ChromeDriver was started successfully.
May 10, 2023 4:10:32 PM org.openqa.selenium.devtools.CdpVersionFinder findNearestMatch
WARNING: Unable to find an exact match for CDP version 113, so returning the closest version found: 110
]]></system-err>
  </testcase>
</testsuite>